[2022-11-16 00:08:35] local.ERROR: unserialize(): Error at offset 429 of 494 bytes {"exception":"[object] (ErrorException(code: 0): unserialize(): Error at offset 429 of 494 bytes at /home/u849696251/domains/takamanu.shop/public_html/kopti/vendor/laravel/framework/src/Illuminate/Routing/RouteSignatureParameters.php:22)
[stacktrace]
#0 /home/u849696251/domains/takamanu.shop/public_html/kopti/vendor/laravel/framework/src/Illuminate/Foundation/Bootstrap/HandleExceptions.php(259): Illuminate\\Foundation\\Bootstrap\\HandleExceptions->handleError()
#1 [internal function]: Illuminate\\Foundation\\Bootstrap\\HandleExceptions->Illuminate\\Foundation\\Bootstrap\\{closure}()
#2 /home/u849696251/domains/takamanu.shop/public_html/kopti/vendor/laravel/framework/src/Illuminate/Routing/RouteSignatureParameters.php(22): unserialize()
#3 /home/u849696251/domains/takamanu.shop/public_html/kopti/vendor/laravel/framework/src/Illuminate/Routing/Route.php(532): Illuminate\\Routing\\RouteSignatureParameters::fromAction()
#4 /home/u849696251/domains/takamanu.shop/public_html/kopti/vendor/laravel/framework/src/Illuminate/Routing/ImplicitRouteBinding.php(80): Illuminate\\Routing\\Route->signatureParameters()
#5 /home/u849696251/domains/takamanu.shop/public_html/kopti/vendor/laravel/framework/src/Illuminate/Routing/ImplicitRouteBinding.php(28): Illuminate\\Routing\\ImplicitRouteBinding::resolveBackedEnumsForRoute()
#6 /home/u849696251/domains/takamanu.shop/public_html/kopti/vendor/laravel/framework/src/Illuminate/Routing/Router.php(874): Illuminate\\Routing\\ImplicitRouteBinding::resolveForRoute()
#7 /home/u849696251/domains/takamanu.shop/public_html/kopti/vendor/laravel/framework/src/Illuminate/Routing/Middleware/SubstituteBindings.php(41): Illuminate\\Routing\\Router->substituteImplicitBindings()
#8 /home/u849696251/domains/takamanu.shop/public_html/kopti/vendor/laravel/framework/src/Illuminate/Pipeline/Pipeline.php(180): Illuminate\\Routing\\Middleware\\SubstituteBindings->handle()
#9 /home/u849696251/domains/takamanu.shop/public_html/kopti/vendor/laravel/framework/src/Illuminate/Foundation/Http/Middleware/VerifyCsrfToken.php(78): Illuminate\\Pipeline\\Pipeline->Illuminate\\Pipeline\\{closure}()
#10 /home/u849696251/domains/takamanu.shop/public_html/kopti/vendor/laravel/framework/src/Illuminate/Pipeline/Pipeline.php(180): Illuminate\\Foundation\\Http\\Middleware\\VerifyCsrfToken->handle()
#11 /home/u849696251/domains/takamanu.shop/public_html/kopti/vendor/laravel/framework/src/Illuminate/View/Middleware/ShareErrorsFromSession.php(49): Illuminate\\Pipeline\\Pipeline->Illuminate\\Pipeline\\{closure}()
#12 /home/u849696251/domains/takamanu.shop/public_html/kopti/vendor/laravel/framework/src/Illuminate/Pipeline/Pipeline.php(180): Illuminate\\View\\Middleware\\ShareErrorsFromSession->handle()
#13 /home/u849696251/domains/takamanu.shop/public_html/kopti/vendor/laravel/framework/src/Illuminate/Session/Middleware/StartSession.php(121): Illuminate\\Pipeline\\Pipeline->Illuminate\\Pipeline\\{closure}()
#14 /home/u849696251/domains/takamanu.shop/public_html/kopti/vendor/laravel/framework/src/Illuminate/Session/Middleware/StartSession.php(64): Illuminate\\Session\\Middleware\\StartSession->handleStatefulRequest()
#15 /home/u849696251/domains/takamanu.shop/public_html/kopti/vendor/laravel/framework/src/Illuminate/Pipeline/Pipeline.php(180): Illuminate\\Session\\Middleware\\StartSession->handle()
#16 /home/u849696251/domains/takamanu.shop/public_html/kopti/vendor/laravel/framework/src/Illuminate/Cookie/Middleware/AddQueuedCookiesToResponse.php(37): Illuminate\\Pipeline\\Pipeline->Illuminate\\Pipeline\\{closure}()
#17 /home/u849696251/domains/takamanu.shop/public_html/kopti/vendor/laravel/framework/src/Illuminate/Pipeline/Pipeline.php(180): Illuminate\\Cookie\\Middleware\\AddQueuedCookiesToResponse->handle()
#18 /home/u849696251/domains/takamanu.shop/public_html/kopti/vendor/laravel/framework/src/Illuminate/Cookie/Middleware/EncryptCookies.php(67): Illuminate\\Pipeline\\Pipeline->Illuminate\\Pipeline\\{closure}()
#19 /home/u849696251/domains/takamanu.shop/public_html/kopti/vendor/laravel/framework/src/Illuminate/Pipeline/Pipeline.php(180): Illuminate\\Cookie\\Middleware\\EncryptCookies->handle()
#20 /home/u849696251/domains/takamanu.shop/public_html/kopti/vendor/laravel/framework/src/Illuminate/Pipeline/Pipeline.php(116): Illuminate\\Pipeline\\Pipeline->Illuminate\\Pipeline\\{closure}()
#21 /home/u849696251/domains/takamanu.shop/public_html/kopti/vendor/laravel/framework/src/Illuminate/Routing/Router.php(726): Illuminate\\Pipeline\\Pipeline->then()
#22 /home/u849696251/domains/takamanu.shop/public_html/kopti/vendor/laravel/framework/src/Illuminate/Routing/Router.php(703): Illuminate\\Routing\\Router->runRouteWithinStack()
#23 /home/u849696251/domains/takamanu.shop/public_html/kopti/vendor/laravel/framework/src/Illuminate/Routing/Router.php(667): Illuminate\\Routing\\Router->runRoute()
#24 /home/u849696251/domains/takamanu.shop/public_html/kopti/vendor/laravel/framework/src/Illuminate/Routing/Router.php(656): Illuminate\\Routing\\Router->dispatchToRoute()
#25 /home/u849696251/domains/takamanu.shop/public_html/kopti/vendor/laravel/framework/src/Illuminate/Foundation/Http/Kernel.php(190): Illuminate\\Routing\\Router->dispatch()
#26 /home/u849696251/domains/takamanu.shop/public_html/kopti/vendor/laravel/framework/src/Illuminate/Pipeline/Pipeline.php(141): Illuminate\\Foundation\\Http\\Kernel->Illuminate\\Foundation\\Http\\{closure}()
#27 /home/u849696251/domains/takamanu.shop/public_html/kopti/vendor/laravel/framework/src/Illuminate/Foundation/Http/Middleware/TransformsRequest.php(21): Illuminate\\Pipeline\\Pipeline->Illuminate\\Pipeline\\{closure}()
#28 /home/u849696251/domains/takamanu.shop/public_html/kopti/vendor/laravel/framework/src/Illuminate/Foundation/Http/Middleware/ConvertEmptyStringsToNull.php(31): Illuminate\\Foundation\\Http\\Middleware\\TransformsRequest->handle()
#29 /home/u849696251/domains/takamanu.shop/public_html/kopti/vendor/laravel/framework/src/Illuminate/Pipeline/Pipeline.php(180): Illuminate\\Foundation\\Http\\Middleware\\ConvertEmptyStringsToNull->handle()
#30 /home/u849696251/domains/takamanu.shop/public_html/kopti/vendor/laravel/framework/src/Illuminate/Foundation/Http/Middleware/TransformsRequest.php(21): Illuminate\\Pipeline\\Pipeline->Illuminate\\Pipeline\\{closure}()
#31 /home/u849696251/domains/takamanu.shop/public_html/kopti/vendor/laravel/framework/src/Illuminate/Foundation/Http/Middleware/TrimStrings.php(40): Illuminate\\Foundation\\Http\\Middleware\\TransformsRequest->handle()
#32 /home/u849696251/domains/takamanu.shop/public_html/kopti/vendor/laravel/framework/src/Illuminate/Pipeline/Pipeline.php(180): Illuminate\\Foundation\\Http\\Middleware\\TrimStrings->handle()
#33 /home/u849696251/domains/takamanu.shop/public_html/kopti/vendor/laravel/framework/src/Illuminate/Foundation/Http/Middleware/ValidatePostSize.php(27): Illuminate\\Pipeline\\Pipeline->Illuminate\\Pipeline\\{closure}()
#34 /home/u849696251/domains/takamanu.shop/public_html/kopti/vendor/laravel/framework/src/Illuminate/Pipeline/Pipeline.php(180): Illuminate\\Foundation\\Http\\Middleware\\ValidatePostSize->handle()
#35 /home/u849696251/domains/takamanu.shop/public_html/kopti/vendor/laravel/framework/src/Illuminate/Foundation/Http/Middleware/PreventRequestsDuringMaintenance.php(86): Illuminate\\Pipeline\\Pipeline->Illuminate\\Pipeline\\{closure}()
#36 /home/u849696251/domains/takamanu.shop/public_html/kopti/vendor/laravel/framework/src/Illuminate/Pipeline/Pipeline.php(180): Illuminate\\Foundation\\Http\\Middleware\\PreventRequestsDuringMaintenance->handle()
#37 /home/u849696251/domains/takamanu.shop/public_html/kopti/vendor/laravel/framework/src/Illuminate/Http/Middleware/HandleCors.php(49): Illuminate\\Pipeline\\Pipeline->Illuminate\\Pipeline\\{closure}()
#38 /home/u849696251/domains/takamanu.shop/public_html/kopti/vendor/laravel/framework/src/Illuminate/Pipeline/Pipeline.php(180): Illuminate\\Http\\Middleware\\HandleCors->handle()
#39 /home/u849696251/domains/takamanu.shop/public_html/kopti/vendor/laravel/framework/src/Illuminate/Http/Middleware/TrustProxies.php(39): Illuminate\\Pipeline\\Pipeline->Illuminate\\Pipeline\\{closure}()
#40 /home/u849696251/domains/takamanu.shop/public_html/kopti/vendor/laravel/framework/src/Illuminate/Pipeline/Pipeline.php(180): Illuminate\\Http\\Middleware\\TrustProxies->handle()
#41 /home/u849696251/domains/takamanu.shop/public_html/kopti/vendor/laravel/framework/src/Illuminate/Pipeline/Pipeline.php(116): Illuminate\\Pipeline\\Pipeline->Illuminate\\Pipeline\\{closure}()
#42 /home/u849696251/domains/takamanu.shop/public_html/kopti/vendor/laravel/framework/src/Illuminate/Foundation/Http/Kernel.php(165): Illuminate\\Pipeline\\Pipeline->then()
#43 /home/u849696251/domains/takamanu.shop/public_html/kopti/vendor/laravel/framework/src/Illuminate/Foundation/Http/Kernel.php(134): Illuminate\\Foundation\\Http\\Kernel->sendRequestThroughRouter()
#44 /home/u849696251/domains/takamanu.shop/public_html/kopti/public/index.php(52): Illuminate\\Foundation\\Http\\Kernel->handle()
#45 {main}
"} 
[2022-11-16 00:08:36] local.ERROR: file_put_contents(C:\Users\fauza\OneDrive - mail.unnes.ac.id\Desktop\Projects\kopti-virtual-office\storage\framework/sessions/rGGM3pEMJ7l3nlUwZlOyf22hAU2IzeumgxmvhpEm): Failed to open stream: No such file or directory {"exception":"[object] (ErrorException(code: 0): file_put_contents(C:\\Users\\fauza\\OneDrive - mail.unnes.ac.id\\Desktop\\Projects\\kopti-virtual-office\\storage\\framework/sessions/rGGM3pEMJ7l3nlUwZlOyf22hAU2IzeumgxmvhpEm): Failed to open stream: No such file or directory at /home/u849696251/domains/takamanu.shop/public_html/kopti/vendor/laravel/framework/src/Illuminate/Filesystem/Filesystem.php:190)
[stacktrace]
#0 /home/u849696251/domains/takamanu.shop/public_html/kopti/vendor/laravel/framework/src/Illuminate/Foundation/Bootstrap/HandleExceptions.php(259): Illuminate\\Foundation\\Bootstrap\\HandleExceptions->handleError()
#1 [internal function]: Illuminate\\Foundation\\Bootstrap\\HandleExceptions->Illuminate\\Foundation\\Bootstrap\\{closure}()
#2 /home/u849696251/domains/takamanu.shop/public_html/kopti/vendor/laravel/framework/src/Illuminate/Filesystem/Filesystem.php(190): file_put_contents()
#3 /home/u849696251/domains/takamanu.shop/public_html/kopti/vendor/laravel/framework/src/Illuminate/Session/FileSessionHandler.php(90): Illuminate\\Filesystem\\Filesystem->put()
#4 /home/u849696251/domains/takamanu.shop/public_html/kopti/vendor/laravel/framework/src/Illuminate/Session/Store.php(170): Illuminate\\Session\\FileSessionHandler->write()
#5 /home/u849696251/domains/takamanu.shop/public_html/kopti/vendor/laravel/framework/src/Illuminate/Session/Middleware/StartSession.php(238): Illuminate\\Session\\Store->save()
#6 /home/u849696251/domains/takamanu.shop/public_html/kopti/vendor/laravel/framework/src/Illuminate/Session/Middleware/StartSession.php(130): Illuminate\\Session\\Middleware\\StartSession->saveSession()
#7 /home/u849696251/domains/takamanu.shop/public_html/kopti/vendor/laravel/framework/src/Illuminate/Session/Middleware/StartSession.php(64): Illuminate\\Session\\Middleware\\StartSession->handleStatefulRequest()
#8 /home/u849696251/domains/takamanu.shop/public_html/kopti/vendor/laravel/framework/src/Illuminate/Pipeline/Pipeline.php(180): Illuminate\\Session\\Middleware\\StartSession->handle()
#9 /home/u849696251/domains/takamanu.shop/public_html/kopti/vendor/laravel/framework/src/Illuminate/Cookie/Middleware/AddQueuedCookiesToResponse.php(37): Illuminate\\Pipeline\\Pipeline->Illuminate\\Pipeline\\{closure}()
#10 /home/u849696251/domains/takamanu.shop/public_html/kopti/vendor/laravel/framework/src/Illuminate/Pipeline/Pipeline.php(180): Illuminate\\Cookie\\Middleware\\AddQueuedCookiesToResponse->handle()
#11 /home/u849696251/domains/takamanu.shop/public_html/kopti/vendor/laravel/framework/src/Illuminate/Cookie/Middleware/EncryptCookies.php(67): Illuminate\\Pipeline\\Pipeline->Illuminate\\Pipeline\\{closure}()
#12 /home/u849696251/domains/takamanu.shop/public_html/kopti/vendor/laravel/framework/src/Illuminate/Pipeline/Pipeline.php(180): Illuminate\\Cookie\\Middleware\\EncryptCookies->handle()
#13 /home/u849696251/domains/takamanu.shop/public_html/kopti/vendor/laravel/framework/src/Illuminate/Pipeline/Pipeline.php(116): Illuminate\\Pipeline\\Pipeline->Illuminate\\Pipeline\\{closure}()
#14 /home/u849696251/domains/takamanu.shop/public_html/kopti/vendor/laravel/framework/src/Illuminate/Routing/Router.php(726): Illuminate\\Pipeline\\Pipeline->then()
#15 /home/u849696251/domains/takamanu.shop/public_html/kopti/vendor/laravel/framework/src/Illuminate/Routing/Router.php(703): Illuminate\\Routing\\Router->runRouteWithinStack()
#16 /home/u849696251/domains/takamanu.shop/public_html/kopti/vendor/laravel/framework/src/Illuminate/Routing/Router.php(667): Illuminate\\Routing\\Router->runRoute()
#17 /home/u849696251/domains/takamanu.shop/public_html/kopti/vendor/laravel/framework/src/Illuminate/Routing/Router.php(656): Illuminate\\Routing\\Router->dispatchToRoute()
#18 /home/u849696251/domains/takamanu.shop/public_html/kopti/vendor/laravel/framework/src/Illuminate/Foundation/Http/Kernel.php(190): Illuminate\\Routing\\Router->dispatch()
#19 /home/u849696251/domains/takamanu.shop/public_html/kopti/vendor/laravel/framework/src/Illuminate/Pipeline/Pipeline.php(141): Illuminate\\Foundation\\Http\\Kernel->Illuminate\\Foundation\\Http\\{closure}()
#20 /home/u849696251/domains/takamanu.shop/public_html/kopti/vendor/laravel/framework/src/Illuminate/Foundation/Http/Middleware/TransformsRequest.php(21): Illuminate\\Pipeline\\Pipeline->Illuminate\\Pipeline\\{closure}()
#21 /home/u849696251/domains/takamanu.shop/public_html/kopti/vendor/laravel/framework/src/Illuminate/Foundation/Http/Middleware/ConvertEmptyStringsToNull.php(31): Illuminate\\Foundation\\Http\\Middleware\\TransformsRequest->handle()
#22 /home/u849696251/domains/takamanu.shop/public_html/kopti/vendor/laravel/framework/src/Illuminate/Pipeline/Pipeline.php(180): Illuminate\\Foundation\\Http\\Middleware\\ConvertEmptyStringsToNull->handle()
#23 /home/u849696251/domains/takamanu.shop/public_html/kopti/vendor/laravel/framework/src/Illuminate/Foundation/Http/Middleware/TransformsRequest.php(21): Illuminate\\Pipeline\\Pipeline->Illuminate\\Pipeline\\{closure}()
#24 /home/u849696251/domains/takamanu.shop/public_html/kopti/vendor/laravel/framework/src/Illuminate/Foundation/Http/Middleware/TrimStrings.php(40): Illuminate\\Foundation\\Http\\Middleware\\TransformsRequest->handle()
#25 /home/u849696251/domains/takamanu.shop/public_html/kopti/vendor/laravel/framework/src/Illuminate/Pipeline/Pipeline.php(180): Illuminate\\Foundation\\Http\\Middleware\\TrimStrings->handle()
#26 /home/u849696251/domains/takamanu.shop/public_html/kopti/vendor/laravel/framework/src/Illuminate/Foundation/Http/Middleware/ValidatePostSize.php(27): Illuminate\\Pipeline\\Pipeline->Illuminate\\Pipeline\\{closure}()
#27 /home/u849696251/domains/takamanu.shop/public_html/kopti/vendor/laravel/framework/src/Illuminate/Pipeline/Pipeline.php(180): Illuminate\\Foundation\\Http\\Middleware\\ValidatePostSize->handle()
#28 /home/u849696251/domains/takamanu.shop/public_html/kopti/vendor/laravel/framework/src/Illuminate/Foundation/Http/Middleware/PreventRequestsDuringMaintenance.php(86): Illuminate\\Pipeline\\Pipeline->Illuminate\\Pipeline\\{closure}()
#29 /home/u849696251/domains/takamanu.shop/public_html/kopti/vendor/laravel/framework/src/Illuminate/Pipeline/Pipeline.php(180): Illuminate\\Foundation\\Http\\Middleware\\PreventRequestsDuringMaintenance->handle()
#30 /home/u849696251/domains/takamanu.shop/public_html/kopti/vendor/laravel/framework/src/Illuminate/Http/Middleware/HandleCors.php(49): Illuminate\\Pipeline\\Pipeline->Illuminate\\Pipeline\\{closure}()
#31 /home/u849696251/domains/takamanu.shop/public_html/kopti/vendor/laravel/framework/src/Illuminate/Pipeline/Pipeline.php(180): Illuminate\\Http\\Middleware\\HandleCors->handle()
#32 /home/u849696251/domains/takamanu.shop/public_html/kopti/vendor/laravel/framework/src/Illuminate/Http/Middleware/TrustProxies.php(39): Illuminate\\Pipeline\\Pipeline->Illuminate\\Pipeline\\{closure}()
#33 /home/u849696251/domains/takamanu.shop/public_html/kopti/vendor/laravel/framework/src/Illuminate/Pipeline/Pipeline.php(180): Illuminate\\Http\\Middleware\\TrustProxies->handle()
#34 /home/u849696251/domains/takamanu.shop/public_html/kopti/vendor/laravel/framework/src/Illuminate/Pipeline/Pipeline.php(116): Illuminate\\Pipeline\\Pipeline->Illuminate\\Pipeline\\{closure}()
#35 /home/u849696251/domains/takamanu.shop/public_html/kopti/vendor/laravel/framework/src/Illuminate/Foundation/Http/Kernel.php(165): Illuminate\\Pipeline\\Pipeline->then()
#36 /home/u849696251/domains/takamanu.shop/public_html/kopti/vendor/laravel/framework/src/Illuminate/Foundation/Http/Kernel.php(134): Illuminate\\Foundation\\Http\\Kernel->sendRequestThroughRouter()
#37 /home/u849696251/domains/takamanu.shop/public_html/kopti/public/index.php(52): Illuminate\\Foundation\\Http\\Kernel->handle()
#38 {main}
"} 
[2022-11-16 04:16:30] local.ERROR: unserialize(): Error at offset 429 of 494 bytes {"exception":"[object] (ErrorException(code: 0): unserialize(): Error at offset 429 of 494 bytes at /home/u849696251/domains/takamanu.shop/public_html/kopti/vendor/laravel/framework/src/Illuminate/Routing/RouteSignatureParameters.php:22)
[stacktrace]
#0 /home/u849696251/domains/takamanu.shop/public_html/kopti/vendor/laravel/framework/src/Illuminate/Foundation/Bootstrap/HandleExceptions.php(259): Illuminate\\Foundation\\Bootstrap\\HandleExceptions->handleError()
#1 [internal function]: Illuminate\\Foundation\\Bootstrap\\HandleExceptions->Illuminate\\Foundation\\Bootstrap\\{closure}()
#2 /home/u849696251/domains/takamanu.shop/public_html/kopti/vendor/laravel/framework/src/Illuminate/Routing/RouteSignatureParameters.php(22): unserialize()
#3 /home/u849696251/domains/takamanu.shop/public_html/kopti/vendor/laravel/framework/src/Illuminate/Routing/Route.php(532): Illuminate\\Routing\\RouteSignatureParameters::fromAction()
#4 /home/u849696251/domains/takamanu.shop/public_html/kopti/vendor/laravel/framework/src/Illuminate/Routing/ImplicitRouteBinding.php(80): Illuminate\\Routing\\Route->signatureParameters()
#5 /home/u849696251/domains/takamanu.shop/public_html/kopti/vendor/laravel/framework/src/Illuminate/Routing/ImplicitRouteBinding.php(28): Illuminate\\Routing\\ImplicitRouteBinding::resolveBackedEnumsForRoute()
#6 /home/u849696251/domains/takamanu.shop/public_html/kopti/vendor/laravel/framework/src/Illuminate/Routing/Router.php(874): Illuminate\\Routing\\ImplicitRouteBinding::resolveForRoute()
#7 /home/u849696251/domains/takamanu.shop/public_html/kopti/vendor/laravel/framework/src/Illuminate/Routing/Middleware/SubstituteBindings.php(41): Illuminate\\Routing\\Router->substituteImplicitBindings()
#8 /home/u849696251/domains/takamanu.shop/public_html/kopti/vendor/laravel/framework/src/Illuminate/Pipeline/Pipeline.php(180): Illuminate\\Routing\\Middleware\\SubstituteBindings->handle()
#9 /home/u849696251/domains/takamanu.shop/public_html/kopti/vendor/laravel/framework/src/Illuminate/Foundation/Http/Middleware/VerifyCsrfToken.php(78): Illuminate\\Pipeline\\Pipeline->Illuminate\\Pipeline\\{closure}()
#10 /home/u849696251/domains/takamanu.shop/public_html/kopti/vendor/laravel/framework/src/Illuminate/Pipeline/Pipeline.php(180): Illuminate\\Foundation\\Http\\Middleware\\VerifyCsrfToken->handle()
#11 /home/u849696251/domains/takamanu.shop/public_html/kopti/vendor/laravel/framework/src/Illuminate/View/Middleware/ShareErrorsFromSession.php(49): Illuminate\\Pipeline\\Pipeline->Illuminate\\Pipeline\\{closure}()
#12 /home/u849696251/domains/takamanu.shop/public_html/kopti/vendor/laravel/framework/src/Illuminate/Pipeline/Pipeline.php(180): Illuminate\\View\\Middleware\\ShareErrorsFromSession->handle()
#13 /home/u849696251/domains/takamanu.shop/public_html/kopti/vendor/laravel/framework/src/Illuminate/Session/Middleware/StartSession.php(121): Illuminate\\Pipeline\\Pipeline->Illuminate\\Pipeline\\{closure}()
#14 /home/u849696251/domains/takamanu.shop/public_html/kopti/vendor/laravel/framework/src/Illuminate/Session/Middleware/StartSession.php(64): Illuminate\\Session\\Middleware\\StartSession->handleStatefulRequest()
#15 /home/u849696251/domains/takamanu.shop/public_html/kopti/vendor/laravel/framework/src/Illuminate/Pipeline/Pipeline.php(180): Illuminate\\Session\\Middleware\\StartSession->handle()
#16 /home/u849696251/domains/takamanu.shop/public_html/kopti/vendor/laravel/framework/src/Illuminate/Cookie/Middleware/AddQueuedCookiesToResponse.php(37): Illuminate\\Pipeline\\Pipeline->Illuminate\\Pipeline\\{closure}()
#17 /home/u849696251/domains/takamanu.shop/public_html/kopti/vendor/laravel/framework/src/Illuminate/Pipeline/Pipeline.php(180): Illuminate\\Cookie\\Middleware\\AddQueuedCookiesToResponse->handle()
#18 /home/u849696251/domains/takamanu.shop/public_html/kopti/vendor/laravel/framework/src/Illuminate/Cookie/Middleware/EncryptCookies.php(67): Illuminate\\Pipeline\\Pipeline->Illuminate\\Pipeline\\{closure}()
#19 /home/u849696251/domains/takamanu.shop/public_html/kopti/vendor/laravel/framework/src/Illuminate/Pipeline/Pipeline.php(180): Illuminate\\Cookie\\Middleware\\EncryptCookies->handle()
#20 /home/u849696251/domains/takamanu.shop/public_html/kopti/vendor/laravel/framework/src/Illuminate/Pipeline/Pipeline.php(116): Illuminate\\Pipeline\\Pipeline->Illuminate\\Pipeline\\{closure}()
#21 /home/u849696251/domains/takamanu.shop/public_html/kopti/vendor/laravel/framework/src/Illuminate/Routing/Router.php(726): Illuminate\\Pipeline\\Pipeline->then()
#22 /home/u849696251/domains/takamanu.shop/public_html/kopti/vendor/laravel/framework/src/Illuminate/Routing/Router.php(703): Illuminate\\Routing\\Router->runRouteWithinStack()
#23 /home/u849696251/domains/takamanu.shop/public_html/kopti/vendor/laravel/framework/src/Illuminate/Routing/Router.php(667): Illuminate\\Routing\\Router->runRoute()
#24 /home/u849696251/domains/takamanu.shop/public_html/kopti/vendor/laravel/framework/src/Illuminate/Routing/Router.php(656): Illuminate\\Routing\\Router->dispatchToRoute()
#25 /home/u849696251/domains/takamanu.shop/public_html/kopti/vendor/laravel/framework/src/Illuminate/Foundation/Http/Kernel.php(190): Illuminate\\Routing\\Router->dispatch()
#26 /home/u849696251/domains/takamanu.shop/public_html/kopti/vendor/laravel/framework/src/Illuminate/Pipeline/Pipeline.php(141): Illuminate\\Foundation\\Http\\Kernel->Illuminate\\Foundation\\Http\\{closure}()
#27 /home/u849696251/domains/takamanu.shop/public_html/kopti/vendor/laravel/framework/src/Illuminate/Foundation/Http/Middleware/TransformsRequest.php(21): Illuminate\\Pipeline\\Pipeline->Illuminate\\Pipeline\\{closure}()
#28 /home/u849696251/domains/takamanu.shop/public_html/kopti/vendor/laravel/framework/src/Illuminate/Foundation/Http/Middleware/ConvertEmptyStringsToNull.php(31): Illuminate\\Foundation\\Http\\Middleware\\TransformsRequest->handle()
#29 /home/u849696251/domains/takamanu.shop/public_html/kopti/vendor/laravel/framework/src/Illuminate/Pipeline/Pipeline.php(180): Illuminate\\Foundation\\Http\\Middleware\\ConvertEmptyStringsToNull->handle()
#30 /home/u849696251/domains/takamanu.shop/public_html/kopti/vendor/laravel/framework/src/Illuminate/Foundation/Http/Middleware/TransformsRequest.php(21): Illuminate\\Pipeline\\Pipeline->Illuminate\\Pipeline\\{closure}()
#31 /home/u849696251/domains/takamanu.shop/public_html/kopti/vendor/laravel/framework/src/Illuminate/Foundation/Http/Middleware/TrimStrings.php(40): Illuminate\\Foundation\\Http\\Middleware\\TransformsRequest->handle()
#32 /home/u849696251/domains/takamanu.shop/public_html/kopti/vendor/laravel/framework/src/Illuminate/Pipeline/Pipeline.php(180): Illuminate\\Foundation\\Http\\Middleware\\TrimStrings->handle()
#33 /home/u849696251/domains/takamanu.shop/public_html/kopti/vendor/laravel/framework/src/Illuminate/Foundation/Http/Middleware/ValidatePostSize.php(27): Illuminate\\Pipeline\\Pipeline->Illuminate\\Pipeline\\{closure}()
#34 /home/u849696251/domains/takamanu.shop/public_html/kopti/vendor/laravel/framework/src/Illuminate/Pipeline/Pipeline.php(180): Illuminate\\Foundation\\Http\\Middleware\\ValidatePostSize->handle()
#35 /home/u849696251/domains/takamanu.shop/public_html/kopti/vendor/laravel/framework/src/Illuminate/Foundation/Http/Middleware/PreventRequestsDuringMaintenance.php(86): Illuminate\\Pipeline\\Pipeline->Illuminate\\Pipeline\\{closure}()
#36 /home/u849696251/domains/takamanu.shop/public_html/kopti/vendor/laravel/framework/src/Illuminate/Pipeline/Pipeline.php(180): Illuminate\\Foundation\\Http\\Middleware\\PreventRequestsDuringMaintenance->handle()
#37 /home/u849696251/domains/takamanu.shop/public_html/kopti/vendor/laravel/framework/src/Illuminate/Http/Middleware/HandleCors.php(49): Illuminate\\Pipeline\\Pipeline->Illuminate\\Pipeline\\{closure}()
#38 /home/u849696251/domains/takamanu.shop/public_html/kopti/vendor/laravel/framework/src/Illuminate/Pipeline/Pipeline.php(180): Illuminate\\Http\\Middleware\\HandleCors->handle()
#39 /home/u849696251/domains/takamanu.shop/public_html/kopti/vendor/laravel/framework/src/Illuminate/Http/Middleware/TrustProxies.php(39): Illuminate\\Pipeline\\Pipeline->Illuminate\\Pipeline\\{closure}()
#40 /home/u849696251/domains/takamanu.shop/public_html/kopti/vendor/laravel/framework/src/Illuminate/Pipeline/Pipeline.php(180): Illuminate\\Http\\Middleware\\TrustProxies->handle()
#41 /home/u849696251/domains/takamanu.shop/public_html/kopti/vendor/laravel/framework/src/Illuminate/Pipeline/Pipeline.php(116): Illuminate\\Pipeline\\Pipeline->Illuminate\\Pipeline\\{closure}()
#42 /home/u849696251/domains/takamanu.shop/public_html/kopti/vendor/laravel/framework/src/Illuminate/Foundation/Http/Kernel.php(165): Illuminate\\Pipeline\\Pipeline->then()
#43 /home/u849696251/domains/takamanu.shop/public_html/kopti/vendor/laravel/framework/src/Illuminate/Foundation/Http/Kernel.php(134): Illuminate\\Foundation\\Http\\Kernel->sendRequestThroughRouter()
#44 /home/u849696251/domains/takamanu.shop/public_html/kopti/public/index.php(52): Illuminate\\Foundation\\Http\\Kernel->handle()
#45 {main}
"} 
[2022-11-16 04:16:31] local.ERROR: file_put_contents(C:\Users\fauza\OneDrive - mail.unnes.ac.id\Desktop\Projects\kopti-virtual-office\storage\framework/sessions/hev77YRkOzy7L8ikKQHZ8bujsJEzrmWhKq7QoNmf): Failed to open stream: No such file or directory {"exception":"[object] (ErrorException(code: 0): file_put_contents(C:\\Users\\fauza\\OneDrive - mail.unnes.ac.id\\Desktop\\Projects\\kopti-virtual-office\\storage\\framework/sessions/hev77YRkOzy7L8ikKQHZ8bujsJEzrmWhKq7QoNmf): Failed to open stream: No such file or directory at /home/u849696251/domains/takamanu.shop/public_html/kopti/vendor/laravel/framework/src/Illuminate/Filesystem/Filesystem.php:190)
[stacktrace]
#0 /home/u849696251/domains/takamanu.shop/public_html/kopti/vendor/laravel/framework/src/Illuminate/Foundation/Bootstrap/HandleExceptions.php(259): Illuminate\\Foundation\\Bootstrap\\HandleExceptions->handleError()
#1 [internal function]: Illuminate\\Foundation\\Bootstrap\\HandleExceptions->Illuminate\\Foundation\\Bootstrap\\{closure}()
#2 /home/u849696251/domains/takamanu.shop/public_html/kopti/vendor/laravel/framework/src/Illuminate/Filesystem/Filesystem.php(190): file_put_contents()
#3 /home/u849696251/domains/takamanu.shop/public_html/kopti/vendor/laravel/framework/src/Illuminate/Session/FileSessionHandler.php(90): Illuminate\\Filesystem\\Filesystem->put()
#4 /home/u849696251/domains/takamanu.shop/public_html/kopti/vendor/laravel/framework/src/Illuminate/Session/Store.php(170): Illuminate\\Session\\FileSessionHandler->write()
#5 /home/u849696251/domains/takamanu.shop/public_html/kopti/vendor/laravel/framework/src/Illuminate/Session/Middleware/StartSession.php(238): Illuminate\\Session\\Store->save()
#6 /home/u849696251/domains/takamanu.shop/public_html/kopti/vendor/laravel/framework/src/Illuminate/Session/Middleware/StartSession.php(130): Illuminate\\Session\\Middleware\\StartSession->saveSession()
#7 /home/u849696251/domains/takamanu.shop/public_html/kopti/vendor/laravel/framework/src/Illuminate/Session/Middleware/StartSession.php(64): Illuminate\\Session\\Middleware\\StartSession->handleStatefulRequest()
#8 /home/u849696251/domains/takamanu.shop/public_html/kopti/vendor/laravel/framework/src/Illuminate/Pipeline/Pipeline.php(180): Illuminate\\Session\\Middleware\\StartSession->handle()
#9 /home/u849696251/domains/takamanu.shop/public_html/kopti/vendor/laravel/framework/src/Illuminate/Cookie/Middleware/AddQueuedCookiesToResponse.php(37): Illuminate\\Pipeline\\Pipeline->Illuminate\\Pipeline\\{closure}()
#10 /home/u849696251/domains/takamanu.shop/public_html/kopti/vendor/laravel/framework/src/Illuminate/Pipeline/Pipeline.php(180): Illuminate\\Cookie\\Middleware\\AddQueuedCookiesToResponse->handle()
#11 /home/u849696251/domains/takamanu.shop/public_html/kopti/vendor/laravel/framework/src/Illuminate/Cookie/Middleware/EncryptCookies.php(67): Illuminate\\Pipeline\\Pipeline->Illuminate\\Pipeline\\{closure}()
#12 /home/u849696251/domains/takamanu.shop/public_html/kopti/vendor/laravel/framework/src/Illuminate/Pipeline/Pipeline.php(180): Illuminate\\Cookie\\Middleware\\EncryptCookies->handle()
#13 /home/u849696251/domains/takamanu.shop/public_html/kopti/vendor/laravel/framework/src/Illuminate/Pipeline/Pipeline.php(116): Illuminate\\Pipeline\\Pipeline->Illuminate\\Pipeline\\{closure}()
#14 /home/u849696251/domains/takamanu.shop/public_html/kopti/vendor/laravel/framework/src/Illuminate/Routing/Router.php(726): Illuminate\\Pipeline\\Pipeline->then()
#15 /home/u849696251/domains/takamanu.shop/public_html/kopti/vendor/laravel/framework/src/Illuminate/Routing/Router.php(703): Illuminate\\Routing\\Router->runRouteWithinStack()
#16 /home/u849696251/domains/takamanu.shop/public_html/kopti/vendor/laravel/framework/src/Illuminate/Routing/Router.php(667): Illuminate\\Routing\\Router->runRoute()
#17 /home/u849696251/domains/takamanu.shop/public_html/kopti/vendor/laravel/framework/src/Illuminate/Routing/Router.php(656): Illuminate\\Routing\\Router->dispatchToRoute()
#18 /home/u849696251/domains/takamanu.shop/public_html/kopti/vendor/laravel/framework/src/Illuminate/Foundation/Http/Kernel.php(190): Illuminate\\Routing\\Router->dispatch()
#19 /home/u849696251/domains/takamanu.shop/public_html/kopti/vendor/laravel/framework/src/Illuminate/Pipeline/Pipeline.php(141): Illuminate\\Foundation\\Http\\Kernel->Illuminate\\Foundation\\Http\\{closure}()
#20 /home/u849696251/domains/takamanu.shop/public_html/kopti/vendor/laravel/framework/src/Illuminate/Foundation/Http/Middleware/TransformsRequest.php(21): Illuminate\\Pipeline\\Pipeline->Illuminate\\Pipeline\\{closure}()
#21 /home/u849696251/domains/takamanu.shop/public_html/kopti/vendor/laravel/framework/src/Illuminate/Foundation/Http/Middleware/ConvertEmptyStringsToNull.php(31): Illuminate\\Foundation\\Http\\Middleware\\TransformsRequest->handle()
#22 /home/u849696251/domains/takamanu.shop/public_html/kopti/vendor/laravel/framework/src/Illuminate/Pipeline/Pipeline.php(180): Illuminate\\Foundation\\Http\\Middleware\\ConvertEmptyStringsToNull->handle()
#23 /home/u849696251/domains/takamanu.shop/public_html/kopti/vendor/laravel/framework/src/Illuminate/Foundation/Http/Middleware/TransformsRequest.php(21): Illuminate\\Pipeline\\Pipeline->Illuminate\\Pipeline\\{closure}()
#24 /home/u849696251/domains/takamanu.shop/public_html/kopti/vendor/laravel/framework/src/Illuminate/Foundation/Http/Middleware/TrimStrings.php(40): Illuminate\\Foundation\\Http\\Middleware\\TransformsRequest->handle()
#25 /home/u849696251/domains/takamanu.shop/public_html/kopti/vendor/laravel/framework/src/Illuminate/Pipeline/Pipeline.php(180): Illuminate\\Foundation\\Http\\Middleware\\TrimStrings->handle()
#26 /home/u849696251/domains/takamanu.shop/public_html/kopti/vendor/laravel/framework/src/Illuminate/Foundation/Http/Middleware/ValidatePostSize.php(27): Illuminate\\Pipeline\\Pipeline->Illuminate\\Pipeline\\{closure}()
#27 /home/u849696251/domains/takamanu.shop/public_html/kopti/vendor/laravel/framework/src/Illuminate/Pipeline/Pipeline.php(180): Illuminate\\Foundation\\Http\\Middleware\\ValidatePostSize->handle()
#28 /home/u849696251/domains/takamanu.shop/public_html/kopti/vendor/laravel/framework/src/Illuminate/Foundation/Http/Middleware/PreventRequestsDuringMaintenance.php(86): Illuminate\\Pipeline\\Pipeline->Illuminate\\Pipeline\\{closure}()
#29 /home/u849696251/domains/takamanu.shop/public_html/kopti/vendor/laravel/framework/src/Illuminate/Pipeline/Pipeline.php(180): Illuminate\\Foundation\\Http\\Middleware\\PreventRequestsDuringMaintenance->handle()
#30 /home/u849696251/domains/takamanu.shop/public_html/kopti/vendor/laravel/framework/src/Illuminate/Http/Middleware/HandleCors.php(49): Illuminate\\Pipeline\\Pipeline->Illuminate\\Pipeline\\{closure}()
#31 /home/u849696251/domains/takamanu.shop/public_html/kopti/vendor/laravel/framework/src/Illuminate/Pipeline/Pipeline.php(180): Illuminate\\Http\\Middleware\\HandleCors->handle()
#32 /home/u849696251/domains/takamanu.shop/public_html/kopti/vendor/laravel/framework/src/Illuminate/Http/Middleware/TrustProxies.php(39): Illuminate\\Pipeline\\Pipeline->Illuminate\\Pipeline\\{closure}()
#33 /home/u849696251/domains/takamanu.shop/public_html/kopti/vendor/laravel/framework/src/Illuminate/Pipeline/Pipeline.php(180): Illuminate\\Http\\Middleware\\TrustProxies->handle()
#34 /home/u849696251/domains/takamanu.shop/public_html/kopti/vendor/laravel/framework/src/Illuminate/Pipeline/Pipeline.php(116): Illuminate\\Pipeline\\Pipeline->Illuminate\\Pipeline\\{closure}()
#35 /home/u849696251/domains/takamanu.shop/public_html/kopti/vendor/laravel/framework/src/Illuminate/Foundation/Http/Kernel.php(165): Illuminate\\Pipeline\\Pipeline->then()
#36 /home/u849696251/domains/takamanu.shop/public_html/kopti/vendor/laravel/framework/src/Illuminate/Foundation/Http/Kernel.php(134): Illuminate\\Foundation\\Http\\Kernel->sendRequestThroughRouter()
#37 /home/u849696251/domains/takamanu.shop/public_html/kopti/public/index.php(52): Illuminate\\Foundation\\Http\\Kernel->handle()
#38 {main}
"} 
[2022-11-16 04:21:29] local.ERROR: unserialize(): Error at offset 429 of 494 bytes {"exception":"[object] (ErrorException(code: 0): unserialize(): Error at offset 429 of 494 bytes at /home/u849696251/domains/takamanu.shop/public_html/kopti/vendor/laravel/framework/src/Illuminate/Routing/RouteSignatureParameters.php:22)
[stacktrace]
#0 /home/u849696251/domains/takamanu.shop/public_html/kopti/vendor/laravel/framework/src/Illuminate/Foundation/Bootstrap/HandleExceptions.php(259): Illuminate\\Foundation\\Bootstrap\\HandleExceptions->handleError()
#1 [internal function]: Illuminate\\Foundation\\Bootstrap\\HandleExceptions->Illuminate\\Foundation\\Bootstrap\\{closure}()
#2 /home/u849696251/domains/takamanu.shop/public_html/kopti/vendor/laravel/framework/src/Illuminate/Routing/RouteSignatureParameters.php(22): unserialize()
#3 /home/u849696251/domains/takamanu.shop/public_html/kopti/vendor/laravel/framework/src/Illuminate/Routing/Route.php(532): Illuminate\\Routing\\RouteSignatureParameters::fromAction()
#4 /home/u849696251/domains/takamanu.shop/public_html/kopti/vendor/laravel/framework/src/Illuminate/Routing/ImplicitRouteBinding.php(80): Illuminate\\Routing\\Route->signatureParameters()
#5 /home/u849696251/domains/takamanu.shop/public_html/kopti/vendor/laravel/framework/src/Illuminate/Routing/ImplicitRouteBinding.php(28): Illuminate\\Routing\\ImplicitRouteBinding::resolveBackedEnumsForRoute()
#6 /home/u849696251/domains/takamanu.shop/public_html/kopti/vendor/laravel/framework/src/Illuminate/Routing/Router.php(874): Illuminate\\Routing\\ImplicitRouteBinding::resolveForRoute()
#7 /home/u849696251/domains/takamanu.shop/public_html/kopti/vendor/laravel/framework/src/Illuminate/Routing/Middleware/SubstituteBindings.php(41): Illuminate\\Routing\\Router->substituteImplicitBindings()
#8 /home/u849696251/domains/takamanu.shop/public_html/kopti/vendor/laravel/framework/src/Illuminate/Pipeline/Pipeline.php(180): Illuminate\\Routing\\Middleware\\SubstituteBindings->handle()
#9 /home/u849696251/domains/takamanu.shop/public_html/kopti/vendor/laravel/framework/src/Illuminate/Foundation/Http/Middleware/VerifyCsrfToken.php(78): Illuminate\\Pipeline\\Pipeline->Illuminate\\Pipeline\\{closure}()
#10 /home/u849696251/domains/takamanu.shop/public_html/kopti/vendor/laravel/framework/src/Illuminate/Pipeline/Pipeline.php(180): Illuminate\\Foundation\\Http\\Middleware\\VerifyCsrfToken->handle()
#11 /home/u849696251/domains/takamanu.shop/public_html/kopti/vendor/laravel/framework/src/Illuminate/View/Middleware/ShareErrorsFromSession.php(49): Illuminate\\Pipeline\\Pipeline->Illuminate\\Pipeline\\{closure}()
#12 /home/u849696251/domains/takamanu.shop/public_html/kopti/vendor/laravel/framework/src/Illuminate/Pipeline/Pipeline.php(180): Illuminate\\View\\Middleware\\ShareErrorsFromSession->handle()
#13 /home/u849696251/domains/takamanu.shop/public_html/kopti/vendor/laravel/framework/src/Illuminate/Session/Middleware/StartSession.php(121): Illuminate\\Pipeline\\Pipeline->Illuminate\\Pipeline\\{closure}()
#14 /home/u849696251/domains/takamanu.shop/public_html/kopti/vendor/laravel/framework/src/Illuminate/Session/Middleware/StartSession.php(64): Illuminate\\Session\\Middleware\\StartSession->handleStatefulRequest()
#15 /home/u849696251/domains/takamanu.shop/public_html/kopti/vendor/laravel/framework/src/Illuminate/Pipeline/Pipeline.php(180): Illuminate\\Session\\Middleware\\StartSession->handle()
#16 /home/u849696251/domains/takamanu.shop/public_html/kopti/vendor/laravel/framework/src/Illuminate/Cookie/Middleware/AddQueuedCookiesToResponse.php(37): Illuminate\\Pipeline\\Pipeline->Illuminate\\Pipeline\\{closure}()
#17 /home/u849696251/domains/takamanu.shop/public_html/kopti/vendor/laravel/framework/src/Illuminate/Pipeline/Pipeline.php(180): Illuminate\\Cookie\\Middleware\\AddQueuedCookiesToResponse->handle()
#18 /home/u849696251/domains/takamanu.shop/public_html/kopti/vendor/laravel/framework/src/Illuminate/Cookie/Middleware/EncryptCookies.php(67): Illuminate\\Pipeline\\Pipeline->Illuminate\\Pipeline\\{closure}()
#19 /home/u849696251/domains/takamanu.shop/public_html/kopti/vendor/laravel/framework/src/Illuminate/Pipeline/Pipeline.php(180): Illuminate\\Cookie\\Middleware\\EncryptCookies->handle()
#20 /home/u849696251/domains/takamanu.shop/public_html/kopti/vendor/laravel/framework/src/Illuminate/Pipeline/Pipeline.php(116): Illuminate\\Pipeline\\Pipeline->Illuminate\\Pipeline\\{closure}()
#21 /home/u849696251/domains/takamanu.shop/public_html/kopti/vendor/laravel/framework/src/Illuminate/Routing/Router.php(726): Illuminate\\Pipeline\\Pipeline->then()
#22 /home/u849696251/domains/takamanu.shop/public_html/kopti/vendor/laravel/framework/src/Illuminate/Routing/Router.php(703): Illuminate\\Routing\\Router->runRouteWithinStack()
#23 /home/u849696251/domains/takamanu.shop/public_html/kopti/vendor/laravel/framework/src/Illuminate/Routing/Router.php(667): Illuminate\\Routing\\Router->runRoute()
#24 /home/u849696251/domains/takamanu.shop/public_html/kopti/vendor/laravel/framework/src/Illuminate/Routing/Router.php(656): Illuminate\\Routing\\Router->dispatchToRoute()
#25 /home/u849696251/domains/takamanu.shop/public_html/kopti/vendor/laravel/framework/src/Illuminate/Foundation/Http/Kernel.php(190): Illuminate\\Routing\\Router->dispatch()
#26 /home/u849696251/domains/takamanu.shop/public_html/kopti/vendor/laravel/framework/src/Illuminate/Pipeline/Pipeline.php(141): Illuminate\\Foundation\\Http\\Kernel->Illuminate\\Foundation\\Http\\{closure}()
#27 /home/u849696251/domains/takamanu.shop/public_html/kopti/vendor/laravel/framework/src/Illuminate/Foundation/Http/Middleware/TransformsRequest.php(21): Illuminate\\Pipeline\\Pipeline->Illuminate\\Pipeline\\{closure}()
#28 /home/u849696251/domains/takamanu.shop/public_html/kopti/vendor/laravel/framework/src/Illuminate/Foundation/Http/Middleware/ConvertEmptyStringsToNull.php(31): Illuminate\\Foundation\\Http\\Middleware\\TransformsRequest->handle()
#29 /home/u849696251/domains/takamanu.shop/public_html/kopti/vendor/laravel/framework/src/Illuminate/Pipeline/Pipeline.php(180): Illuminate\\Foundation\\Http\\Middleware\\ConvertEmptyStringsToNull->handle()
#30 /home/u849696251/domains/takamanu.shop/public_html/kopti/vendor/laravel/framework/src/Illuminate/Foundation/Http/Middleware/TransformsRequest.php(21): Illuminate\\Pipeline\\Pipeline->Illuminate\\Pipeline\\{closure}()
#31 /home/u849696251/domains/takamanu.shop/public_html/kopti/vendor/laravel/framework/src/Illuminate/Foundation/Http/Middleware/TrimStrings.php(40): Illuminate\\Foundation\\Http\\Middleware\\TransformsRequest->handle()
#32 /home/u849696251/domains/takamanu.shop/public_html/kopti/vendor/laravel/framework/src/Illuminate/Pipeline/Pipeline.php(180): Illuminate\\Foundation\\Http\\Middleware\\TrimStrings->handle()
#33 /home/u849696251/domains/takamanu.shop/public_html/kopti/vendor/laravel/framework/src/Illuminate/Foundation/Http/Middleware/ValidatePostSize.php(27): Illuminate\\Pipeline\\Pipeline->Illuminate\\Pipeline\\{closure}()
#34 /home/u849696251/domains/takamanu.shop/public_html/kopti/vendor/laravel/framework/src/Illuminate/Pipeline/Pipeline.php(180): Illuminate\\Foundation\\Http\\Middleware\\ValidatePostSize->handle()
#35 /home/u849696251/domains/takamanu.shop/public_html/kopti/vendor/laravel/framework/src/Illuminate/Foundation/Http/Middleware/PreventRequestsDuringMaintenance.php(86): Illuminate\\Pipeline\\Pipeline->Illuminate\\Pipeline\\{closure}()
#36 /home/u849696251/domains/takamanu.shop/public_html/kopti/vendor/laravel/framework/src/Illuminate/Pipeline/Pipeline.php(180): Illuminate\\Foundation\\Http\\Middleware\\PreventRequestsDuringMaintenance->handle()
#37 /home/u849696251/domains/takamanu.shop/public_html/kopti/vendor/laravel/framework/src/Illuminate/Http/Middleware/HandleCors.php(49): Illuminate\\Pipeline\\Pipeline->Illuminate\\Pipeline\\{closure}()
#38 /home/u849696251/domains/takamanu.shop/public_html/kopti/vendor/laravel/framework/src/Illuminate/Pipeline/Pipeline.php(180): Illuminate\\Http\\Middleware\\HandleCors->handle()
#39 /home/u849696251/domains/takamanu.shop/public_html/kopti/vendor/laravel/framework/src/Illuminate/Http/Middleware/TrustProxies.php(39): Illuminate\\Pipeline\\Pipeline->Illuminate\\Pipeline\\{closure}()
#40 /home/u849696251/domains/takamanu.shop/public_html/kopti/vendor/laravel/framework/src/Illuminate/Pipeline/Pipeline.php(180): Illuminate\\Http\\Middleware\\TrustProxies->handle()
#41 /home/u849696251/domains/takamanu.shop/public_html/kopti/vendor/laravel/framework/src/Illuminate/Pipeline/Pipeline.php(116): Illuminate\\Pipeline\\Pipeline->Illuminate\\Pipeline\\{closure}()
#42 /home/u849696251/domains/takamanu.shop/public_html/kopti/vendor/laravel/framework/src/Illuminate/Foundation/Http/Kernel.php(165): Illuminate\\Pipeline\\Pipeline->then()
#43 /home/u849696251/domains/takamanu.shop/public_html/kopti/vendor/laravel/framework/src/Illuminate/Foundation/Http/Kernel.php(134): Illuminate\\Foundation\\Http\\Kernel->sendRequestThroughRouter()
#44 /home/u849696251/domains/takamanu.shop/public_html/kopti/public/index.php(52): Illuminate\\Foundation\\Http\\Kernel->handle()
#45 {main}
"} 
[2022-11-16 04:21:29] local.ERROR: file_put_contents(C:\Users\fauza\OneDrive - mail.unnes.ac.id\Desktop\Projects\kopti-virtual-office\storage\framework/sessions/PNKSPp6rfFv3YQeT0yzK5SQK2pmGPlgrYrIkSI4X): Failed to open stream: No such file or directory {"exception":"[object] (ErrorException(code: 0): file_put_contents(C:\\Users\\fauza\\OneDrive - mail.unnes.ac.id\\Desktop\\Projects\\kopti-virtual-office\\storage\\framework/sessions/PNKSPp6rfFv3YQeT0yzK5SQK2pmGPlgrYrIkSI4X): Failed to open stream: No such file or directory at /home/u849696251/domains/takamanu.shop/public_html/kopti/vendor/laravel/framework/src/Illuminate/Filesystem/Filesystem.php:190)
[stacktrace]
#0 /home/u849696251/domains/takamanu.shop/public_html/kopti/vendor/laravel/framework/src/Illuminate/Foundation/Bootstrap/HandleExceptions.php(259): Illuminate\\Foundation\\Bootstrap\\HandleExceptions->handleError()
#1 [internal function]: Illuminate\\Foundation\\Bootstrap\\HandleExceptions->Illuminate\\Foundation\\Bootstrap\\{closure}()
#2 /home/u849696251/domains/takamanu.shop/public_html/kopti/vendor/laravel/framework/src/Illuminate/Filesystem/Filesystem.php(190): file_put_contents()
#3 /home/u849696251/domains/takamanu.shop/public_html/kopti/vendor/laravel/framework/src/Illuminate/Session/FileSessionHandler.php(90): Illuminate\\Filesystem\\Filesystem->put()
#4 /home/u849696251/domains/takamanu.shop/public_html/kopti/vendor/laravel/framework/src/Illuminate/Session/Store.php(170): Illuminate\\Session\\FileSessionHandler->write()
#5 /home/u849696251/domains/takamanu.shop/public_html/kopti/vendor/laravel/framework/src/Illuminate/Session/Middleware/StartSession.php(238): Illuminate\\Session\\Store->save()
#6 /home/u849696251/domains/takamanu.shop/public_html/kopti/vendor/laravel/framework/src/Illuminate/Session/Middleware/StartSession.php(130): Illuminate\\Session\\Middleware\\StartSession->saveSession()
#7 /home/u849696251/domains/takamanu.shop/public_html/kopti/vendor/laravel/framework/src/Illuminate/Session/Middleware/StartSession.php(64): Illuminate\\Session\\Middleware\\StartSession->handleStatefulRequest()
#8 /home/u849696251/domains/takamanu.shop/public_html/kopti/vendor/laravel/framework/src/Illuminate/Pipeline/Pipeline.php(180): Illuminate\\Session\\Middleware\\StartSession->handle()
#9 /home/u849696251/domains/takamanu.shop/public_html/kopti/vendor/laravel/framework/src/Illuminate/Cookie/Middleware/AddQueuedCookiesToResponse.php(37): Illuminate\\Pipeline\\Pipeline->Illuminate\\Pipeline\\{closure}()
#10 /home/u849696251/domains/takamanu.shop/public_html/kopti/vendor/laravel/framework/src/Illuminate/Pipeline/Pipeline.php(180): Illuminate\\Cookie\\Middleware\\AddQueuedCookiesToResponse->handle()
#11 /home/u849696251/domains/takamanu.shop/public_html/kopti/vendor/laravel/framework/src/Illuminate/Cookie/Middleware/EncryptCookies.php(67): Illuminate\\Pipeline\\Pipeline->Illuminate\\Pipeline\\{closure}()
#12 /home/u849696251/domains/takamanu.shop/public_html/kopti/vendor/laravel/framework/src/Illuminate/Pipeline/Pipeline.php(180): Illuminate\\Cookie\\Middleware\\EncryptCookies->handle()
#13 /home/u849696251/domains/takamanu.shop/public_html/kopti/vendor/laravel/framework/src/Illuminate/Pipeline/Pipeline.php(116): Illuminate\\Pipeline\\Pipeline->Illuminate\\Pipeline\\{closure}()
#14 /home/u849696251/domains/takamanu.shop/public_html/kopti/vendor/laravel/framework/src/Illuminate/Routing/Router.php(726): Illuminate\\Pipeline\\Pipeline->then()
#15 /home/u849696251/domains/takamanu.shop/public_html/kopti/vendor/laravel/framework/src/Illuminate/Routing/Router.php(703): Illuminate\\Routing\\Router->runRouteWithinStack()
#16 /home/u849696251/domains/takamanu.shop/public_html/kopti/vendor/laravel/framework/src/Illuminate/Routing/Router.php(667): Illuminate\\Routing\\Router->runRoute()
#17 /home/u849696251/domains/takamanu.shop/public_html/kopti/vendor/laravel/framework/src/Illuminate/Routing/Router.php(656): Illuminate\\Routing\\Router->dispatchToRoute()
#18 /home/u849696251/domains/takamanu.shop/public_html/kopti/vendor/laravel/framework/src/Illuminate/Foundation/Http/Kernel.php(190): Illuminate\\Routing\\Router->dispatch()
#19 /home/u849696251/domains/takamanu.shop/public_html/kopti/vendor/laravel/framework/src/Illuminate/Pipeline/Pipeline.php(141): Illuminate\\Foundation\\Http\\Kernel->Illuminate\\Foundation\\Http\\{closure}()
#20 /home/u849696251/domains/takamanu.shop/public_html/kopti/vendor/laravel/framework/src/Illuminate/Foundation/Http/Middleware/TransformsRequest.php(21): Illuminate\\Pipeline\\Pipeline->Illuminate\\Pipeline\\{closure}()
#21 /home/u849696251/domains/takamanu.shop/public_html/kopti/vendor/laravel/framework/src/Illuminate/Foundation/Http/Middleware/ConvertEmptyStringsToNull.php(31): Illuminate\\Foundation\\Http\\Middleware\\TransformsRequest->handle()
#22 /home/u849696251/domains/takamanu.shop/public_html/kopti/vendor/laravel/framework/src/Illuminate/Pipeline/Pipeline.php(180): Illuminate\\Foundation\\Http\\Middleware\\ConvertEmptyStringsToNull->handle()
#23 /home/u849696251/domains/takamanu.shop/public_html/kopti/vendor/laravel/framework/src/Illuminate/Foundation/Http/Middleware/TransformsRequest.php(21): Illuminate\\Pipeline\\Pipeline->Illuminate\\Pipeline\\{closure}()
#24 /home/u849696251/domains/takamanu.shop/public_html/kopti/vendor/laravel/framework/src/Illuminate/Foundation/Http/Middleware/TrimStrings.php(40): Illuminate\\Foundation\\Http\\Middleware\\TransformsRequest->handle()
#25 /home/u849696251/domains/takamanu.shop/public_html/kopti/vendor/laravel/framework/src/Illuminate/Pipeline/Pipeline.php(180): Illuminate\\Foundation\\Http\\Middleware\\TrimStrings->handle()
#26 /home/u849696251/domains/takamanu.shop/public_html/kopti/vendor/laravel/framework/src/Illuminate/Foundation/Http/Middleware/ValidatePostSize.php(27): Illuminate\\Pipeline\\Pipeline->Illuminate\\Pipeline\\{closure}()
#27 /home/u849696251/domains/takamanu.shop/public_html/kopti/vendor/laravel/framework/src/Illuminate/Pipeline/Pipeline.php(180): Illuminate\\Foundation\\Http\\Middleware\\ValidatePostSize->handle()
#28 /home/u849696251/domains/takamanu.shop/public_html/kopti/vendor/laravel/framework/src/Illuminate/Foundation/Http/Middleware/PreventRequestsDuringMaintenance.php(86): Illuminate\\Pipeline\\Pipeline->Illuminate\\Pipeline\\{closure}()
#29 /home/u849696251/domains/takamanu.shop/public_html/kopti/vendor/laravel/framework/src/Illuminate/Pipeline/Pipeline.php(180): Illuminate\\Foundation\\Http\\Middleware\\PreventRequestsDuringMaintenance->handle()
#30 /home/u849696251/domains/takamanu.shop/public_html/kopti/vendor/laravel/framework/src/Illuminate/Http/Middleware/HandleCors.php(49): Illuminate\\Pipeline\\Pipeline->Illuminate\\Pipeline\\{closure}()
#31 /home/u849696251/domains/takamanu.shop/public_html/kopti/vendor/laravel/framework/src/Illuminate/Pipeline/Pipeline.php(180): Illuminate\\Http\\Middleware\\HandleCors->handle()
#32 /home/u849696251/domains/takamanu.shop/public_html/kopti/vendor/laravel/framework/src/Illuminate/Http/Middleware/TrustProxies.php(39): Illuminate\\Pipeline\\Pipeline->Illuminate\\Pipeline\\{closure}()
#33 /home/u849696251/domains/takamanu.shop/public_html/kopti/vendor/laravel/framework/src/Illuminate/Pipeline/Pipeline.php(180): Illuminate\\Http\\Middleware\\TrustProxies->handle()
#34 /home/u849696251/domains/takamanu.shop/public_html/kopti/vendor/laravel/framework/src/Illuminate/Pipeline/Pipeline.php(116): Illuminate\\Pipeline\\Pipeline->Illuminate\\Pipeline\\{closure}()
#35 /home/u849696251/domains/takamanu.shop/public_html/kopti/vendor/laravel/framework/src/Illuminate/Foundation/Http/Kernel.php(165): Illuminate\\Pipeline\\Pipeline->then()
#36 /home/u849696251/domains/takamanu.shop/public_html/kopti/vendor/laravel/framework/src/Illuminate/Foundation/Http/Kernel.php(134): Illuminate\\Foundation\\Http\\Kernel->sendRequestThroughRouter()
#37 /home/u849696251/domains/takamanu.shop/public_html/kopti/public/index.php(52): Illuminate\\Foundation\\Http\\Kernel->handle()
#38 {main}
"} 
[2022-11-16 05:11:50] local.ERROR: unserialize(): Error at offset 429 of 494 bytes {"exception":"[object] (ErrorException(code: 0): unserialize(): Error at offset 429 of 494 bytes at /home/u849696251/domains/takamanu.shop/public_html/kopti/vendor/laravel/framework/src/Illuminate/Routing/RouteSignatureParameters.php:22)
[stacktrace]
#0 /home/u849696251/domains/takamanu.shop/public_html/kopti/vendor/laravel/framework/src/Illuminate/Foundation/Bootstrap/HandleExceptions.php(259): Illuminate\\Foundation\\Bootstrap\\HandleExceptions->handleError()
#1 [internal function]: Illuminate\\Foundation\\Bootstrap\\HandleExceptions->Illuminate\\Foundation\\Bootstrap\\{closure}()
#2 /home/u849696251/domains/takamanu.shop/public_html/kopti/vendor/laravel/framework/src/Illuminate/Routing/RouteSignatureParameters.php(22): unserialize()
#3 /home/u849696251/domains/takamanu.shop/public_html/kopti/vendor/laravel/framework/src/Illuminate/Routing/Route.php(532): Illuminate\\Routing\\RouteSignatureParameters::fromAction()
#4 /home/u849696251/domains/takamanu.shop/public_html/kopti/vendor/laravel/framework/src/Illuminate/Routing/ImplicitRouteBinding.php(80): Illuminate\\Routing\\Route->signatureParameters()
#5 /home/u849696251/domains/takamanu.shop/public_html/kopti/vendor/laravel/framework/src/Illuminate/Routing/ImplicitRouteBinding.php(28): Illuminate\\Routing\\ImplicitRouteBinding::resolveBackedEnumsForRoute()
#6 /home/u849696251/domains/takamanu.shop/public_html/kopti/vendor/laravel/framework/src/Illuminate/Routing/Router.php(874): Illuminate\\Routing\\ImplicitRouteBinding::resolveForRoute()
#7 /home/u849696251/domains/takamanu.shop/public_html/kopti/vendor/laravel/framework/src/Illuminate/Routing/Middleware/SubstituteBindings.php(41): Illuminate\\Routing\\Router->substituteImplicitBindings()
#8 /home/u849696251/domains/takamanu.shop/public_html/kopti/vendor/laravel/framework/src/Illuminate/Pipeline/Pipeline.php(180): Illuminate\\Routing\\Middleware\\SubstituteBindings->handle()
#9 /home/u849696251/domains/takamanu.shop/public_html/kopti/vendor/laravel/framework/src/Illuminate/Foundation/Http/Middleware/VerifyCsrfToken.php(78): Illuminate\\Pipeline\\Pipeline->Illuminate\\Pipeline\\{closure}()
#10 /home/u849696251/domains/takamanu.shop/public_html/kopti/vendor/laravel/framework/src/Illuminate/Pipeline/Pipeline.php(180): Illuminate\\Foundation\\Http\\Middleware\\VerifyCsrfToken->handle()
#11 /home/u849696251/domains/takamanu.shop/public_html/kopti/vendor/laravel/framework/src/Illuminate/View/Middleware/ShareErrorsFromSession.php(49): Illuminate\\Pipeline\\Pipeline->Illuminate\\Pipeline\\{closure}()
#12 /home/u849696251/domains/takamanu.shop/public_html/kopti/vendor/laravel/framework/src/Illuminate/Pipeline/Pipeline.php(180): Illuminate\\View\\Middleware\\ShareErrorsFromSession->handle()
#13 /home/u849696251/domains/takamanu.shop/public_html/kopti/vendor/laravel/framework/src/Illuminate/Session/Middleware/StartSession.php(121): Illuminate\\Pipeline\\Pipeline->Illuminate\\Pipeline\\{closure}()
#14 /home/u849696251/domains/takamanu.shop/public_html/kopti/vendor/laravel/framework/src/Illuminate/Session/Middleware/StartSession.php(64): Illuminate\\Session\\Middleware\\StartSession->handleStatefulRequest()
#15 /home/u849696251/domains/takamanu.shop/public_html/kopti/vendor/laravel/framework/src/Illuminate/Pipeline/Pipeline.php(180): Illuminate\\Session\\Middleware\\StartSession->handle()
#16 /home/u849696251/domains/takamanu.shop/public_html/kopti/vendor/laravel/framework/src/Illuminate/Cookie/Middleware/AddQueuedCookiesToResponse.php(37): Illuminate\\Pipeline\\Pipeline->Illuminate\\Pipeline\\{closure}()
#17 /home/u849696251/domains/takamanu.shop/public_html/kopti/vendor/laravel/framework/src/Illuminate/Pipeline/Pipeline.php(180): Illuminate\\Cookie\\Middleware\\AddQueuedCookiesToResponse->handle()
#18 /home/u849696251/domains/takamanu.shop/public_html/kopti/vendor/laravel/framework/src/Illuminate/Cookie/Middleware/EncryptCookies.php(67): Illuminate\\Pipeline\\Pipeline->Illuminate\\Pipeline\\{closure}()
#19 /home/u849696251/domains/takamanu.shop/public_html/kopti/vendor/laravel/framework/src/Illuminate/Pipeline/Pipeline.php(180): Illuminate\\Cookie\\Middleware\\EncryptCookies->handle()
#20 /home/u849696251/domains/takamanu.shop/public_html/kopti/vendor/laravel/framework/src/Illuminate/Pipeline/Pipeline.php(116): Illuminate\\Pipeline\\Pipeline->Illuminate\\Pipeline\\{closure}()
#21 /home/u849696251/domains/takamanu.shop/public_html/kopti/vendor/laravel/framework/src/Illuminate/Routing/Router.php(726): Illuminate\\Pipeline\\Pipeline->then()
#22 /home/u849696251/domains/takamanu.shop/public_html/kopti/vendor/laravel/framework/src/Illuminate/Routing/Router.php(703): Illuminate\\Routing\\Router->runRouteWithinStack()
#23 /home/u849696251/domains/takamanu.shop/public_html/kopti/vendor/laravel/framework/src/Illuminate/Routing/Router.php(667): Illuminate\\Routing\\Router->runRoute()
#24 /home/u849696251/domains/takamanu.shop/public_html/kopti/vendor/laravel/framework/src/Illuminate/Routing/Router.php(656): Illuminate\\Routing\\Router->dispatchToRoute()
#25 /home/u849696251/domains/takamanu.shop/public_html/kopti/vendor/laravel/framework/src/Illuminate/Foundation/Http/Kernel.php(190): Illuminate\\Routing\\Router->dispatch()
#26 /home/u849696251/domains/takamanu.shop/public_html/kopti/vendor/laravel/framework/src/Illuminate/Pipeline/Pipeline.php(141): Illuminate\\Foundation\\Http\\Kernel->Illuminate\\Foundation\\Http\\{closure}()
#27 /home/u849696251/domains/takamanu.shop/public_html/kopti/vendor/laravel/framework/src/Illuminate/Foundation/Http/Middleware/TransformsRequest.php(21): Illuminate\\Pipeline\\Pipeline->Illuminate\\Pipeline\\{closure}()
#28 /home/u849696251/domains/takamanu.shop/public_html/kopti/vendor/laravel/framework/src/Illuminate/Foundation/Http/Middleware/ConvertEmptyStringsToNull.php(31): Illuminate\\Foundation\\Http\\Middleware\\TransformsRequest->handle()
#29 /home/u849696251/domains/takamanu.shop/public_html/kopti/vendor/laravel/framework/src/Illuminate/Pipeline/Pipeline.php(180): Illuminate\\Foundation\\Http\\Middleware\\ConvertEmptyStringsToNull->handle()
#30 /home/u849696251/domains/takamanu.shop/public_html/kopti/vendor/laravel/framework/src/Illuminate/Foundation/Http/Middleware/TransformsRequest.php(21): Illuminate\\Pipeline\\Pipeline->Illuminate\\Pipeline\\{closure}()
#31 /home/u849696251/domains/takamanu.shop/public_html/kopti/vendor/laravel/framework/src/Illuminate/Foundation/Http/Middleware/TrimStrings.php(40): Illuminate\\Foundation\\Http\\Middleware\\TransformsRequest->handle()
#32 /home/u849696251/domains/takamanu.shop/public_html/kopti/vendor/laravel/framework/src/Illuminate/Pipeline/Pipeline.php(180): Illuminate\\Foundation\\Http\\Middleware\\TrimStrings->handle()
#33 /home/u849696251/domains/takamanu.shop/public_html/kopti/vendor/laravel/framework/src/Illuminate/Foundation/Http/Middleware/ValidatePostSize.php(27): Illuminate\\Pipeline\\Pipeline->Illuminate\\Pipeline\\{closure}()
#34 /home/u849696251/domains/takamanu.shop/public_html/kopti/vendor/laravel/framework/src/Illuminate/Pipeline/Pipeline.php(180): Illuminate\\Foundation\\Http\\Middleware\\ValidatePostSize->handle()
#35 /home/u849696251/domains/takamanu.shop/public_html/kopti/vendor/laravel/framework/src/Illuminate/Foundation/Http/Middleware/PreventRequestsDuringMaintenance.php(86): Illuminate\\Pipeline\\Pipeline->Illuminate\\Pipeline\\{closure}()
#36 /home/u849696251/domains/takamanu.shop/public_html/kopti/vendor/laravel/framework/src/Illuminate/Pipeline/Pipeline.php(180): Illuminate\\Foundation\\Http\\Middleware\\PreventRequestsDuringMaintenance->handle()
#37 /home/u849696251/domains/takamanu.shop/public_html/kopti/vendor/laravel/framework/src/Illuminate/Http/Middleware/HandleCors.php(49): Illuminate\\Pipeline\\Pipeline->Illuminate\\Pipeline\\{closure}()
#38 /home/u849696251/domains/takamanu.shop/public_html/kopti/vendor/laravel/framework/src/Illuminate/Pipeline/Pipeline.php(180): Illuminate\\Http\\Middleware\\HandleCors->handle()
#39 /home/u849696251/domains/takamanu.shop/public_html/kopti/vendor/laravel/framework/src/Illuminate/Http/Middleware/TrustProxies.php(39): Illuminate\\Pipeline\\Pipeline->Illuminate\\Pipeline\\{closure}()
#40 /home/u849696251/domains/takamanu.shop/public_html/kopti/vendor/laravel/framework/src/Illuminate/Pipeline/Pipeline.php(180): Illuminate\\Http\\Middleware\\TrustProxies->handle()
#41 /home/u849696251/domains/takamanu.shop/public_html/kopti/vendor/laravel/framework/src/Illuminate/Pipeline/Pipeline.php(116): Illuminate\\Pipeline\\Pipeline->Illuminate\\Pipeline\\{closure}()
#42 /home/u849696251/domains/takamanu.shop/public_html/kopti/vendor/laravel/framework/src/Illuminate/Foundation/Http/Kernel.php(165): Illuminate\\Pipeline\\Pipeline->then()
#43 /home/u849696251/domains/takamanu.shop/public_html/kopti/vendor/laravel/framework/src/Illuminate/Foundation/Http/Kernel.php(134): Illuminate\\Foundation\\Http\\Kernel->sendRequestThroughRouter()
#44 /home/u849696251/domains/takamanu.shop/public_html/kopti/public/index.php(52): Illuminate\\Foundation\\Http\\Kernel->handle()
#45 {main}
"} 
[2022-11-16 05:11:50] local.ERROR: file_put_contents(C:\Users\fauza\OneDrive - mail.unnes.ac.id\Desktop\Projects\kopti-virtual-office\storage\framework/sessions/QS8PcFel5doM7H5ZafQUlU9OhABFhgHyAEElVQhV): Failed to open stream: No such file or directory {"exception":"[object] (ErrorException(code: 0): file_put_contents(C:\\Users\\fauza\\OneDrive - mail.unnes.ac.id\\Desktop\\Projects\\kopti-virtual-office\\storage\\framework/sessions/QS8PcFel5doM7H5ZafQUlU9OhABFhgHyAEElVQhV): Failed to open stream: No such file or directory at /home/u849696251/domains/takamanu.shop/public_html/kopti/vendor/laravel/framework/src/Illuminate/Filesystem/Filesystem.php:190)
[stacktrace]
#0 /home/u849696251/domains/takamanu.shop/public_html/kopti/vendor/laravel/framework/src/Illuminate/Foundation/Bootstrap/HandleExceptions.php(259): Illuminate\\Foundation\\Bootstrap\\HandleExceptions->handleError()
#1 [internal function]: Illuminate\\Foundation\\Bootstrap\\HandleExceptions->Illuminate\\Foundation\\Bootstrap\\{closure}()
#2 /home/u849696251/domains/takamanu.shop/public_html/kopti/vendor/laravel/framework/src/Illuminate/Filesystem/Filesystem.php(190): file_put_contents()
#3 /home/u849696251/domains/takamanu.shop/public_html/kopti/vendor/laravel/framework/src/Illuminate/Session/FileSessionHandler.php(90): Illuminate\\Filesystem\\Filesystem->put()
#4 /home/u849696251/domains/takamanu.shop/public_html/kopti/vendor/laravel/framework/src/Illuminate/Session/Store.php(170): Illuminate\\Session\\FileSessionHandler->write()
#5 /home/u849696251/domains/takamanu.shop/public_html/kopti/vendor/laravel/framework/src/Illuminate/Session/Middleware/StartSession.php(238): Illuminate\\Session\\Store->save()
#6 /home/u849696251/domains/takamanu.shop/public_html/kopti/vendor/laravel/framework/src/Illuminate/Session/Middleware/StartSession.php(130): Illuminate\\Session\\Middleware\\StartSession->saveSession()
#7 /home/u849696251/domains/takamanu.shop/public_html/kopti/vendor/laravel/framework/src/Illuminate/Session/Middleware/StartSession.php(64): Illuminate\\Session\\Middleware\\StartSession->handleStatefulRequest()
#8 /home/u849696251/domains/takamanu.shop/public_html/kopti/vendor/laravel/framework/src/Illuminate/Pipeline/Pipeline.php(180): Illuminate\\Session\\Middleware\\StartSession->handle()
#9 /home/u849696251/domains/takamanu.shop/public_html/kopti/vendor/laravel/framework/src/Illuminate/Cookie/Middleware/AddQueuedCookiesToResponse.php(37): Illuminate\\Pipeline\\Pipeline->Illuminate\\Pipeline\\{closure}()
#10 /home/u849696251/domains/takamanu.shop/public_html/kopti/vendor/laravel/framework/src/Illuminate/Pipeline/Pipeline.php(180): Illuminate\\Cookie\\Middleware\\AddQueuedCookiesToResponse->handle()
#11 /home/u849696251/domains/takamanu.shop/public_html/kopti/vendor/laravel/framework/src/Illuminate/Cookie/Middleware/EncryptCookies.php(67): Illuminate\\Pipeline\\Pipeline->Illuminate\\Pipeline\\{closure}()
#12 /home/u849696251/domains/takamanu.shop/public_html/kopti/vendor/laravel/framework/src/Illuminate/Pipeline/Pipeline.php(180): Illuminate\\Cookie\\Middleware\\EncryptCookies->handle()
#13 /home/u849696251/domains/takamanu.shop/public_html/kopti/vendor/laravel/framework/src/Illuminate/Pipeline/Pipeline.php(116): Illuminate\\Pipeline\\Pipeline->Illuminate\\Pipeline\\{closure}()
#14 /home/u849696251/domains/takamanu.shop/public_html/kopti/vendor/laravel/framework/src/Illuminate/Routing/Router.php(726): Illuminate\\Pipeline\\Pipeline->then()
#15 /home/u849696251/domains/takamanu.shop/public_html/kopti/vendor/laravel/framework/src/Illuminate/Routing/Router.php(703): Illuminate\\Routing\\Router->runRouteWithinStack()
#16 /home/u849696251/domains/takamanu.shop/public_html/kopti/vendor/laravel/framework/src/Illuminate/Routing/Router.php(667): Illuminate\\Routing\\Router->runRoute()
#17 /home/u849696251/domains/takamanu.shop/public_html/kopti/vendor/laravel/framework/src/Illuminate/Routing/Router.php(656): Illuminate\\Routing\\Router->dispatchToRoute()
#18 /home/u849696251/domains/takamanu.shop/public_html/kopti/vendor/laravel/framework/src/Illuminate/Foundation/Http/Kernel.php(190): Illuminate\\Routing\\Router->dispatch()
#19 /home/u849696251/domains/takamanu.shop/public_html/kopti/vendor/laravel/framework/src/Illuminate/Pipeline/Pipeline.php(141): Illuminate\\Foundation\\Http\\Kernel->Illuminate\\Foundation\\Http\\{closure}()
#20 /home/u849696251/domains/takamanu.shop/public_html/kopti/vendor/laravel/framework/src/Illuminate/Foundation/Http/Middleware/TransformsRequest.php(21): Illuminate\\Pipeline\\Pipeline->Illuminate\\Pipeline\\{closure}()
#21 /home/u849696251/domains/takamanu.shop/public_html/kopti/vendor/laravel/framework/src/Illuminate/Foundation/Http/Middleware/ConvertEmptyStringsToNull.php(31): Illuminate\\Foundation\\Http\\Middleware\\TransformsRequest->handle()
#22 /home/u849696251/domains/takamanu.shop/public_html/kopti/vendor/laravel/framework/src/Illuminate/Pipeline/Pipeline.php(180): Illuminate\\Foundation\\Http\\Middleware\\ConvertEmptyStringsToNull->handle()
#23 /home/u849696251/domains/takamanu.shop/public_html/kopti/vendor/laravel/framework/src/Illuminate/Foundation/Http/Middleware/TransformsRequest.php(21): Illuminate\\Pipeline\\Pipeline->Illuminate\\Pipeline\\{closure}()
#24 /home/u849696251/domains/takamanu.shop/public_html/kopti/vendor/laravel/framework/src/Illuminate/Foundation/Http/Middleware/TrimStrings.php(40): Illuminate\\Foundation\\Http\\Middleware\\TransformsRequest->handle()
#25 /home/u849696251/domains/takamanu.shop/public_html/kopti/vendor/laravel/framework/src/Illuminate/Pipeline/Pipeline.php(180): Illuminate\\Foundation\\Http\\Middleware\\TrimStrings->handle()
#26 /home/u849696251/domains/takamanu.shop/public_html/kopti/vendor/laravel/framework/src/Illuminate/Foundation/Http/Middleware/ValidatePostSize.php(27): Illuminate\\Pipeline\\Pipeline->Illuminate\\Pipeline\\{closure}()
#27 /home/u849696251/domains/takamanu.shop/public_html/kopti/vendor/laravel/framework/src/Illuminate/Pipeline/Pipeline.php(180): Illuminate\\Foundation\\Http\\Middleware\\ValidatePostSize->handle()
#28 /home/u849696251/domains/takamanu.shop/public_html/kopti/vendor/laravel/framework/src/Illuminate/Foundation/Http/Middleware/PreventRequestsDuringMaintenance.php(86): Illuminate\\Pipeline\\Pipeline->Illuminate\\Pipeline\\{closure}()
#29 /home/u849696251/domains/takamanu.shop/public_html/kopti/vendor/laravel/framework/src/Illuminate/Pipeline/Pipeline.php(180): Illuminate\\Foundation\\Http\\Middleware\\PreventRequestsDuringMaintenance->handle()
#30 /home/u849696251/domains/takamanu.shop/public_html/kopti/vendor/laravel/framework/src/Illuminate/Http/Middleware/HandleCors.php(49): Illuminate\\Pipeline\\Pipeline->Illuminate\\Pipeline\\{closure}()
#31 /home/u849696251/domains/takamanu.shop/public_html/kopti/vendor/laravel/framework/src/Illuminate/Pipeline/Pipeline.php(180): Illuminate\\Http\\Middleware\\HandleCors->handle()
#32 /home/u849696251/domains/takamanu.shop/public_html/kopti/vendor/laravel/framework/src/Illuminate/Http/Middleware/TrustProxies.php(39): Illuminate\\Pipeline\\Pipeline->Illuminate\\Pipeline\\{closure}()
#33 /home/u849696251/domains/takamanu.shop/public_html/kopti/vendor/laravel/framework/src/Illuminate/Pipeline/Pipeline.php(180): Illuminate\\Http\\Middleware\\TrustProxies->handle()
#34 /home/u849696251/domains/takamanu.shop/public_html/kopti/vendor/laravel/framework/src/Illuminate/Pipeline/Pipeline.php(116): Illuminate\\Pipeline\\Pipeline->Illuminate\\Pipeline\\{closure}()
#35 /home/u849696251/domains/takamanu.shop/public_html/kopti/vendor/laravel/framework/src/Illuminate/Foundation/Http/Kernel.php(165): Illuminate\\Pipeline\\Pipeline->then()
#36 /home/u849696251/domains/takamanu.shop/public_html/kopti/vendor/laravel/framework/src/Illuminate/Foundation/Http/Kernel.php(134): Illuminate\\Foundation\\Http\\Kernel->sendRequestThroughRouter()
#37 /home/u849696251/domains/takamanu.shop/public_html/kopti/public/index.php(52): Illuminate\\Foundation\\Http\\Kernel->handle()
#38 {main}
"} 
[2022-11-16 05:12:47] local.ERROR: unserialize(): Error at offset 429 of 494 bytes {"exception":"[object] (ErrorException(code: 0): unserialize(): Error at offset 429 of 494 bytes at /home/u849696251/domains/takamanu.shop/public_html/kopti/vendor/laravel/framework/src/Illuminate/Routing/RouteSignatureParameters.php:22)
[stacktrace]
#0 /home/u849696251/domains/takamanu.shop/public_html/kopti/vendor/laravel/framework/src/Illuminate/Foundation/Bootstrap/HandleExceptions.php(259): Illuminate\\Foundation\\Bootstrap\\HandleExceptions->handleError()
#1 [internal function]: Illuminate\\Foundation\\Bootstrap\\HandleExceptions->Illuminate\\Foundation\\Bootstrap\\{closure}()
#2 /home/u849696251/domains/takamanu.shop/public_html/kopti/vendor/laravel/framework/src/Illuminate/Routing/RouteSignatureParameters.php(22): unserialize()
#3 /home/u849696251/domains/takamanu.shop/public_html/kopti/vendor/laravel/framework/src/Illuminate/Routing/Route.php(532): Illuminate\\Routing\\RouteSignatureParameters::fromAction()
#4 /home/u849696251/domains/takamanu.shop/public_html/kopti/vendor/laravel/framework/src/Illuminate/Routing/ImplicitRouteBinding.php(80): Illuminate\\Routing\\Route->signatureParameters()
#5 /home/u849696251/domains/takamanu.shop/public_html/kopti/vendor/laravel/framework/src/Illuminate/Routing/ImplicitRouteBinding.php(28): Illuminate\\Routing\\ImplicitRouteBinding::resolveBackedEnumsForRoute()
#6 /home/u849696251/domains/takamanu.shop/public_html/kopti/vendor/laravel/framework/src/Illuminate/Routing/Router.php(874): Illuminate\\Routing\\ImplicitRouteBinding::resolveForRoute()
#7 /home/u849696251/domains/takamanu.shop/public_html/kopti/vendor/laravel/framework/src/Illuminate/Routing/Middleware/SubstituteBindings.php(41): Illuminate\\Routing\\Router->substituteImplicitBindings()
#8 /home/u849696251/domains/takamanu.shop/public_html/kopti/vendor/laravel/framework/src/Illuminate/Pipeline/Pipeline.php(180): Illuminate\\Routing\\Middleware\\SubstituteBindings->handle()
#9 /home/u849696251/domains/takamanu.shop/public_html/kopti/vendor/laravel/framework/src/Illuminate/Foundation/Http/Middleware/VerifyCsrfToken.php(78): Illuminate\\Pipeline\\Pipeline->Illuminate\\Pipeline\\{closure}()
#10 /home/u849696251/domains/takamanu.shop/public_html/kopti/vendor/laravel/framework/src/Illuminate/Pipeline/Pipeline.php(180): Illuminate\\Foundation\\Http\\Middleware\\VerifyCsrfToken->handle()
#11 /home/u849696251/domains/takamanu.shop/public_html/kopti/vendor/laravel/framework/src/Illuminate/View/Middleware/ShareErrorsFromSession.php(49): Illuminate\\Pipeline\\Pipeline->Illuminate\\Pipeline\\{closure}()
#12 /home/u849696251/domains/takamanu.shop/public_html/kopti/vendor/laravel/framework/src/Illuminate/Pipeline/Pipeline.php(180): Illuminate\\View\\Middleware\\ShareErrorsFromSession->handle()
#13 /home/u849696251/domains/takamanu.shop/public_html/kopti/vendor/laravel/framework/src/Illuminate/Session/Middleware/StartSession.php(121): Illuminate\\Pipeline\\Pipeline->Illuminate\\Pipeline\\{closure}()
#14 /home/u849696251/domains/takamanu.shop/public_html/kopti/vendor/laravel/framework/src/Illuminate/Session/Middleware/StartSession.php(64): Illuminate\\Session\\Middleware\\StartSession->handleStatefulRequest()
#15 /home/u849696251/domains/takamanu.shop/public_html/kopti/vendor/laravel/framework/src/Illuminate/Pipeline/Pipeline.php(180): Illuminate\\Session\\Middleware\\StartSession->handle()
#16 /home/u849696251/domains/takamanu.shop/public_html/kopti/vendor/laravel/framework/src/Illuminate/Cookie/Middleware/AddQueuedCookiesToResponse.php(37): Illuminate\\Pipeline\\Pipeline->Illuminate\\Pipeline\\{closure}()
#17 /home/u849696251/domains/takamanu.shop/public_html/kopti/vendor/laravel/framework/src/Illuminate/Pipeline/Pipeline.php(180): Illuminate\\Cookie\\Middleware\\AddQueuedCookiesToResponse->handle()
#18 /home/u849696251/domains/takamanu.shop/public_html/kopti/vendor/laravel/framework/src/Illuminate/Cookie/Middleware/EncryptCookies.php(67): Illuminate\\Pipeline\\Pipeline->Illuminate\\Pipeline\\{closure}()
#19 /home/u849696251/domains/takamanu.shop/public_html/kopti/vendor/laravel/framework/src/Illuminate/Pipeline/Pipeline.php(180): Illuminate\\Cookie\\Middleware\\EncryptCookies->handle()
#20 /home/u849696251/domains/takamanu.shop/public_html/kopti/vendor/laravel/framework/src/Illuminate/Pipeline/Pipeline.php(116): Illuminate\\Pipeline\\Pipeline->Illuminate\\Pipeline\\{closure}()
#21 /home/u849696251/domains/takamanu.shop/public_html/kopti/vendor/laravel/framework/src/Illuminate/Routing/Router.php(726): Illuminate\\Pipeline\\Pipeline->then()
#22 /home/u849696251/domains/takamanu.shop/public_html/kopti/vendor/laravel/framework/src/Illuminate/Routing/Router.php(703): Illuminate\\Routing\\Router->runRouteWithinStack()
#23 /home/u849696251/domains/takamanu.shop/public_html/kopti/vendor/laravel/framework/src/Illuminate/Routing/Router.php(667): Illuminate\\Routing\\Router->runRoute()
#24 /home/u849696251/domains/takamanu.shop/public_html/kopti/vendor/laravel/framework/src/Illuminate/Routing/Router.php(656): Illuminate\\Routing\\Router->dispatchToRoute()
#25 /home/u849696251/domains/takamanu.shop/public_html/kopti/vendor/laravel/framework/src/Illuminate/Foundation/Http/Kernel.php(190): Illuminate\\Routing\\Router->dispatch()
#26 /home/u849696251/domains/takamanu.shop/public_html/kopti/vendor/laravel/framework/src/Illuminate/Pipeline/Pipeline.php(141): Illuminate\\Foundation\\Http\\Kernel->Illuminate\\Foundation\\Http\\{closure}()
#27 /home/u849696251/domains/takamanu.shop/public_html/kopti/vendor/laravel/framework/src/Illuminate/Foundation/Http/Middleware/TransformsRequest.php(21): Illuminate\\Pipeline\\Pipeline->Illuminate\\Pipeline\\{closure}()
#28 /home/u849696251/domains/takamanu.shop/public_html/kopti/vendor/laravel/framework/src/Illuminate/Foundation/Http/Middleware/ConvertEmptyStringsToNull.php(31): Illuminate\\Foundation\\Http\\Middleware\\TransformsRequest->handle()
#29 /home/u849696251/domains/takamanu.shop/public_html/kopti/vendor/laravel/framework/src/Illuminate/Pipeline/Pipeline.php(180): Illuminate\\Foundation\\Http\\Middleware\\ConvertEmptyStringsToNull->handle()
#30 /home/u849696251/domains/takamanu.shop/public_html/kopti/vendor/laravel/framework/src/Illuminate/Foundation/Http/Middleware/TransformsRequest.php(21): Illuminate\\Pipeline\\Pipeline->Illuminate\\Pipeline\\{closure}()
#31 /home/u849696251/domains/takamanu.shop/public_html/kopti/vendor/laravel/framework/src/Illuminate/Foundation/Http/Middleware/TrimStrings.php(40): Illuminate\\Foundation\\Http\\Middleware\\TransformsRequest->handle()
#32 /home/u849696251/domains/takamanu.shop/public_html/kopti/vendor/laravel/framework/src/Illuminate/Pipeline/Pipeline.php(180): Illuminate\\Foundation\\Http\\Middleware\\TrimStrings->handle()
#33 /home/u849696251/domains/takamanu.shop/public_html/kopti/vendor/laravel/framework/src/Illuminate/Foundation/Http/Middleware/ValidatePostSize.php(27): Illuminate\\Pipeline\\Pipeline->Illuminate\\Pipeline\\{closure}()
#34 /home/u849696251/domains/takamanu.shop/public_html/kopti/vendor/laravel/framework/src/Illuminate/Pipeline/Pipeline.php(180): Illuminate\\Foundation\\Http\\Middleware\\ValidatePostSize->handle()
#35 /home/u849696251/domains/takamanu.shop/public_html/kopti/vendor/laravel/framework/src/Illuminate/Foundation/Http/Middleware/PreventRequestsDuringMaintenance.php(86): Illuminate\\Pipeline\\Pipeline->Illuminate\\Pipeline\\{closure}()
#36 /home/u849696251/domains/takamanu.shop/public_html/kopti/vendor/laravel/framework/src/Illuminate/Pipeline/Pipeline.php(180): Illuminate\\Foundation\\Http\\Middleware\\PreventRequestsDuringMaintenance->handle()
#37 /home/u849696251/domains/takamanu.shop/public_html/kopti/vendor/laravel/framework/src/Illuminate/Http/Middleware/HandleCors.php(49): Illuminate\\Pipeline\\Pipeline->Illuminate\\Pipeline\\{closure}()
#38 /home/u849696251/domains/takamanu.shop/public_html/kopti/vendor/laravel/framework/src/Illuminate/Pipeline/Pipeline.php(180): Illuminate\\Http\\Middleware\\HandleCors->handle()
#39 /home/u849696251/domains/takamanu.shop/public_html/kopti/vendor/laravel/framework/src/Illuminate/Http/Middleware/TrustProxies.php(39): Illuminate\\Pipeline\\Pipeline->Illuminate\\Pipeline\\{closure}()
#40 /home/u849696251/domains/takamanu.shop/public_html/kopti/vendor/laravel/framework/src/Illuminate/Pipeline/Pipeline.php(180): Illuminate\\Http\\Middleware\\TrustProxies->handle()
#41 /home/u849696251/domains/takamanu.shop/public_html/kopti/vendor/laravel/framework/src/Illuminate/Pipeline/Pipeline.php(116): Illuminate\\Pipeline\\Pipeline->Illuminate\\Pipeline\\{closure}()
#42 /home/u849696251/domains/takamanu.shop/public_html/kopti/vendor/laravel/framework/src/Illuminate/Foundation/Http/Kernel.php(165): Illuminate\\Pipeline\\Pipeline->then()
#43 /home/u849696251/domains/takamanu.shop/public_html/kopti/vendor/laravel/framework/src/Illuminate/Foundation/Http/Kernel.php(134): Illuminate\\Foundation\\Http\\Kernel->sendRequestThroughRouter()
#44 /home/u849696251/domains/takamanu.shop/public_html/kopti/public/index.php(52): Illuminate\\Foundation\\Http\\Kernel->handle()
#45 {main}
"} 
[2022-11-16 05:12:47] local.ERROR: file_put_contents(C:\Users\fauza\OneDrive - mail.unnes.ac.id\Desktop\Projects\kopti-virtual-office\storage\framework/sessions/t8IJboJI5l8t9i4seKhEFKxoPFyhFpJK4wAKa5Iw): Failed to open stream: No such file or directory {"exception":"[object] (ErrorException(code: 0): file_put_contents(C:\\Users\\fauza\\OneDrive - mail.unnes.ac.id\\Desktop\\Projects\\kopti-virtual-office\\storage\\framework/sessions/t8IJboJI5l8t9i4seKhEFKxoPFyhFpJK4wAKa5Iw): Failed to open stream: No such file or directory at /home/u849696251/domains/takamanu.shop/public_html/kopti/vendor/laravel/framework/src/Illuminate/Filesystem/Filesystem.php:190)
[stacktrace]
#0 /home/u849696251/domains/takamanu.shop/public_html/kopti/vendor/laravel/framework/src/Illuminate/Foundation/Bootstrap/HandleExceptions.php(259): Illuminate\\Foundation\\Bootstrap\\HandleExceptions->handleError()
#1 [internal function]: Illuminate\\Foundation\\Bootstrap\\HandleExceptions->Illuminate\\Foundation\\Bootstrap\\{closure}()
#2 /home/u849696251/domains/takamanu.shop/public_html/kopti/vendor/laravel/framework/src/Illuminate/Filesystem/Filesystem.php(190): file_put_contents()
#3 /home/u849696251/domains/takamanu.shop/public_html/kopti/vendor/laravel/framework/src/Illuminate/Session/FileSessionHandler.php(90): Illuminate\\Filesystem\\Filesystem->put()
#4 /home/u849696251/domains/takamanu.shop/public_html/kopti/vendor/laravel/framework/src/Illuminate/Session/Store.php(170): Illuminate\\Session\\FileSessionHandler->write()
#5 /home/u849696251/domains/takamanu.shop/public_html/kopti/vendor/laravel/framework/src/Illuminate/Session/Middleware/StartSession.php(238): Illuminate\\Session\\Store->save()
#6 /home/u849696251/domains/takamanu.shop/public_html/kopti/vendor/laravel/framework/src/Illuminate/Session/Middleware/StartSession.php(130): Illuminate\\Session\\Middleware\\StartSession->saveSession()
#7 /home/u849696251/domains/takamanu.shop/public_html/kopti/vendor/laravel/framework/src/Illuminate/Session/Middleware/StartSession.php(64): Illuminate\\Session\\Middleware\\StartSession->handleStatefulRequest()
#8 /home/u849696251/domains/takamanu.shop/public_html/kopti/vendor/laravel/framework/src/Illuminate/Pipeline/Pipeline.php(180): Illuminate\\Session\\Middleware\\StartSession->handle()
#9 /home/u849696251/domains/takamanu.shop/public_html/kopti/vendor/laravel/framework/src/Illuminate/Cookie/Middleware/AddQueuedCookiesToResponse.php(37): Illuminate\\Pipeline\\Pipeline->Illuminate\\Pipeline\\{closure}()
#10 /home/u849696251/domains/takamanu.shop/public_html/kopti/vendor/laravel/framework/src/Illuminate/Pipeline/Pipeline.php(180): Illuminate\\Cookie\\Middleware\\AddQueuedCookiesToResponse->handle()
#11 /home/u849696251/domains/takamanu.shop/public_html/kopti/vendor/laravel/framework/src/Illuminate/Cookie/Middleware/EncryptCookies.php(67): Illuminate\\Pipeline\\Pipeline->Illuminate\\Pipeline\\{closure}()
#12 /home/u849696251/domains/takamanu.shop/public_html/kopti/vendor/laravel/framework/src/Illuminate/Pipeline/Pipeline.php(180): Illuminate\\Cookie\\Middleware\\EncryptCookies->handle()
#13 /home/u849696251/domains/takamanu.shop/public_html/kopti/vendor/laravel/framework/src/Illuminate/Pipeline/Pipeline.php(116): Illuminate\\Pipeline\\Pipeline->Illuminate\\Pipeline\\{closure}()
#14 /home/u849696251/domains/takamanu.shop/public_html/kopti/vendor/laravel/framework/src/Illuminate/Routing/Router.php(726): Illuminate\\Pipeline\\Pipeline->then()
#15 /home/u849696251/domains/takamanu.shop/public_html/kopti/vendor/laravel/framework/src/Illuminate/Routing/Router.php(703): Illuminate\\Routing\\Router->runRouteWithinStack()
#16 /home/u849696251/domains/takamanu.shop/public_html/kopti/vendor/laravel/framework/src/Illuminate/Routing/Router.php(667): Illuminate\\Routing\\Router->runRoute()
#17 /home/u849696251/domains/takamanu.shop/public_html/kopti/vendor/laravel/framework/src/Illuminate/Routing/Router.php(656): Illuminate\\Routing\\Router->dispatchToRoute()
#18 /home/u849696251/domains/takamanu.shop/public_html/kopti/vendor/laravel/framework/src/Illuminate/Foundation/Http/Kernel.php(190): Illuminate\\Routing\\Router->dispatch()
#19 /home/u849696251/domains/takamanu.shop/public_html/kopti/vendor/laravel/framework/src/Illuminate/Pipeline/Pipeline.php(141): Illuminate\\Foundation\\Http\\Kernel->Illuminate\\Foundation\\Http\\{closure}()
#20 /home/u849696251/domains/takamanu.shop/public_html/kopti/vendor/laravel/framework/src/Illuminate/Foundation/Http/Middleware/TransformsRequest.php(21): Illuminate\\Pipeline\\Pipeline->Illuminate\\Pipeline\\{closure}()
#21 /home/u849696251/domains/takamanu.shop/public_html/kopti/vendor/laravel/framework/src/Illuminate/Foundation/Http/Middleware/ConvertEmptyStringsToNull.php(31): Illuminate\\Foundation\\Http\\Middleware\\TransformsRequest->handle()
#22 /home/u849696251/domains/takamanu.shop/public_html/kopti/vendor/laravel/framework/src/Illuminate/Pipeline/Pipeline.php(180): Illuminate\\Foundation\\Http\\Middleware\\ConvertEmptyStringsToNull->handle()
#23 /home/u849696251/domains/takamanu.shop/public_html/kopti/vendor/laravel/framework/src/Illuminate/Foundation/Http/Middleware/TransformsRequest.php(21): Illuminate\\Pipeline\\Pipeline->Illuminate\\Pipeline\\{closure}()
#24 /home/u849696251/domains/takamanu.shop/public_html/kopti/vendor/laravel/framework/src/Illuminate/Foundation/Http/Middleware/TrimStrings.php(40): Illuminate\\Foundation\\Http\\Middleware\\TransformsRequest->handle()
#25 /home/u849696251/domains/takamanu.shop/public_html/kopti/vendor/laravel/framework/src/Illuminate/Pipeline/Pipeline.php(180): Illuminate\\Foundation\\Http\\Middleware\\TrimStrings->handle()
#26 /home/u849696251/domains/takamanu.shop/public_html/kopti/vendor/laravel/framework/src/Illuminate/Foundation/Http/Middleware/ValidatePostSize.php(27): Illuminate\\Pipeline\\Pipeline->Illuminate\\Pipeline\\{closure}()
#27 /home/u849696251/domains/takamanu.shop/public_html/kopti/vendor/laravel/framework/src/Illuminate/Pipeline/Pipeline.php(180): Illuminate\\Foundation\\Http\\Middleware\\ValidatePostSize->handle()
#28 /home/u849696251/domains/takamanu.shop/public_html/kopti/vendor/laravel/framework/src/Illuminate/Foundation/Http/Middleware/PreventRequestsDuringMaintenance.php(86): Illuminate\\Pipeline\\Pipeline->Illuminate\\Pipeline\\{closure}()
#29 /home/u849696251/domains/takamanu.shop/public_html/kopti/vendor/laravel/framework/src/Illuminate/Pipeline/Pipeline.php(180): Illuminate\\Foundation\\Http\\Middleware\\PreventRequestsDuringMaintenance->handle()
#30 /home/u849696251/domains/takamanu.shop/public_html/kopti/vendor/laravel/framework/src/Illuminate/Http/Middleware/HandleCors.php(49): Illuminate\\Pipeline\\Pipeline->Illuminate\\Pipeline\\{closure}()
#31 /home/u849696251/domains/takamanu.shop/public_html/kopti/vendor/laravel/framework/src/Illuminate/Pipeline/Pipeline.php(180): Illuminate\\Http\\Middleware\\HandleCors->handle()
#32 /home/u849696251/domains/takamanu.shop/public_html/kopti/vendor/laravel/framework/src/Illuminate/Http/Middleware/TrustProxies.php(39): Illuminate\\Pipeline\\Pipeline->Illuminate\\Pipeline\\{closure}()
#33 /home/u849696251/domains/takamanu.shop/public_html/kopti/vendor/laravel/framework/src/Illuminate/Pipeline/Pipeline.php(180): Illuminate\\Http\\Middleware\\TrustProxies->handle()
#34 /home/u849696251/domains/takamanu.shop/public_html/kopti/vendor/laravel/framework/src/Illuminate/Pipeline/Pipeline.php(116): Illuminate\\Pipeline\\Pipeline->Illuminate\\Pipeline\\{closure}()
#35 /home/u849696251/domains/takamanu.shop/public_html/kopti/vendor/laravel/framework/src/Illuminate/Foundation/Http/Kernel.php(165): Illuminate\\Pipeline\\Pipeline->then()
#36 /home/u849696251/domains/takamanu.shop/public_html/kopti/vendor/laravel/framework/src/Illuminate/Foundation/Http/Kernel.php(134): Illuminate\\Foundation\\Http\\Kernel->sendRequestThroughRouter()
#37 /home/u849696251/domains/takamanu.shop/public_html/kopti/public/index.php(52): Illuminate\\Foundation\\Http\\Kernel->handle()
#38 {main}
"} 
